Using pre-set license
Built from '2020.3/release' branch; Version is '2020.3.2f1 (8fd9074bf66c) revision 9427207'; Using compiler version '192528614'; Build Type 'Release'
OS: 'Windows 10 Pro; OS build 19042.1052; Version 2009; 64bit' Language: 'en' Physical Memory: 16332 MB
BatchMode: 1, IsHumanControllingUs: 0, StartBugReporterOnCrash: 0, Is64bit: 1, IsPro: 0

 COMMAND LINE ARGUMENTS:
D:\Applications\Unity\Versions\2020.3.2f1\Editor\Unity.exe
-adb2
-batchMode
-noUpm
-name
AssetImportWorker1
-projectPath
P:/Unity/GMTK2021
-logFile
Logs/AssetImportWorker1.log
-srvPort
52303
Successfully changed project path to: P:/Unity/GMTK2021
P:/Unity/GMTK2021
Using Asset Import Pipeline V2.
Refreshing native plugins compatible for Editor in 40.31 ms, found 1 plugins.
Preloading 0 native plugins for Editor in 0.00 ms.
Initialize engine version: 2020.3.2f1 (8fd9074bf66c)
[Subsystems] Discovering subsystems at path D:/Applications/Unity/Versions/2020.3.2f1/Editor/Data/Resources/UnitySubsystems
[Subsystems] Discovering subsystems at path P:/Unity/GMTK2021/Assets
GfxDevice: creating device client; threaded=0
Direct3D:
    Version:  Direct3D 11.0 [level 11.1]
    Renderer: NVIDIA GeForce GTX 1660 (ID=0x2184)
    Vendor:   
    VRAM:     5991 MB
    Driver:   27.21.14.5671
Initialize mono
Mono path[0] = 'D:/Applications/Unity/Versions/2020.3.2f1/Editor/Data/Managed'
Mono path[1] = 'D:/Applications/Unity/Versions/2020.3.2f1/Editor/Data/MonoBleedingEdge/lib/mono/unityjit'
Mono config path = 'D:/Applications/Unity/Versions/2020.3.2f1/Editor/Data/MonoBleedingEdge/etc'
Using monoOptions --debugger-agent=transport=dt_socket,embedding=1,server=y,suspend=n,address=127.0.0.1:56332
Begin MonoManager ReloadAssembly
Registering precompiled unity dll's ...
Register platform support module: D:/Applications/Unity/Versions/2020.3.2f1/Editor/Data/PlaybackEngines/WindowsStandaloneSupport/UnityEditor.WindowsStandalone.Extensions.dll
Registered in 0.001310 seconds.
Native extension for WindowsStandalone target not found
Refreshing native plugins compatible for Editor in 39.67 ms, found 1 plugins.
Preloading 0 native plugins for Editor in 0.00 ms.
Invoked RoslynAnalysisRunner static constructor.
RoslynAnalysisRunner will not be running.
RoslynAnalysisRunner has terminated.
Mono: successfully reloaded assembly
- Completed reload, in  0.988 seconds
Platform modules already initialized, skipping
Registering precompiled user dll's ...
Registered in 0.001392 seconds.
Begin MonoManager ReloadAssembly
Native extension for WindowsStandalone target not found
Refreshing native plugins compatible for Editor in 40.34 ms, found 1 plugins.
Preloading 0 native plugins for Editor in 0.00 ms.
Invoked RoslynAnalysisRunner static constructor.
RoslynAnalysisRunner will not be running.
RoslynAnalysisRunner has terminated.
Mono: successfully reloaded assembly
- Completed reload, in  0.944 seconds
Platform modules already initialized, skipping
========================================================================
Worker process is ready to serve import requests
Launched and connected shader compiler UnityShaderCompiler.exe after 0.05 seconds
Refreshing native plugins compatible for Editor in 0.42 ms, found 1 plugins.
Preloading 0 native plugins for Editor in 0.00 ms.
Unloading 2007 Unused Serialized files (Serialized files now loaded: 0)
System memory in use before: 93.4 MB.
System memory in use after: 93.5 MB.

Unloading 22 unused Assets to reduce memory usage. Loaded Objects now: 2459.
Total: 2.099200 ms (FindLiveObjects: 0.248000 ms CreateObjectMapping: 0.050100 ms MarkObjects: 1.730700 ms  DeleteObjects: 0.069100 ms)

========================================================================
Received Import Request.
  path: Assets/Sprites/UI/panel.png
  artifactKey: Guid(e9b7a9d208e2f9046ae8c89a66e77612) Importer(815301076,1909f56bfc062723c751e8b465ee728b)
Start importing Assets/Sprites/UI/panel.png using Guid(e9b7a9d208e2f9046ae8c89a66e77612) Importer(815301076,1909f56bfc062723c751e8b465ee728b)  -> (artifact id: '08d97a9c18f2912add86c7742b091a7b') in 0.122407 seconds
  Import took 0.125575 seconds .

========================================================================
Received Import Request.
  Time since last request: 30.244709 seconds.
  path: Assets/Sprites/UI/panel.png
  artifactKey: Guid(e9b7a9d208e2f9046ae8c89a66e77612) Importer(815301076,1909f56bfc062723c751e8b465ee728b)
Start importing Assets/Sprites/UI/panel.png using Guid(e9b7a9d208e2f9046ae8c89a66e77612) Importer(815301076,1909f56bfc062723c751e8b465ee728b)  -> (artifact id: '981da91563813394bb7dd11a57fc7ddd') in 0.008117 seconds
  Import took 0.011696 seconds .

========================================================================
Received Prepare
Registering precompiled user dll's ...
Registered in 0.001384 seconds.
Begin MonoManager ReloadAssembly
Native extension for WindowsStandalone target not found
Refreshing native plugins compatible for Editor in 0.47 ms, found 1 plugins.
Preloading 0 native plugins for Editor in 0.00 ms.
Invoked RoslynAnalysisRunner static constructor.
RoslynAnalysisRunner will not be running.
RoslynAnalysisRunner has terminated.
Mono: successfully reloaded assembly
- Completed reload, in  0.855 seconds
Platform modules already initialized, skipping
Refreshing native plugins compatible for Editor in 0.42 ms, found 1 plugins.
Preloading 0 native plugins for Editor in 0.00 ms.
Unloading 1983 Unused Serialized files (Serialized files now loaded: 0)
System memory in use before: 94.5 MB.
System memory in use after: 94.7 MB.

Unloading 11 unused Assets to reduce memory usage. Loaded Objects now: 2468.
Total: 1.993400 ms (FindLiveObjects: 0.234400 ms CreateObjectMapping: 0.046500 ms MarkObjects: 1.695600 ms  DeleteObjects: 0.015900 ms)

========================================================================
Received Import Request.
  Time since last request: 92.810457 seconds.
  path: Assets/Fonts/VT323-Regular SDF.asset
  artifactKey: Guid(cfacc6ee7fc81214f8582802f877ae6f) Importer(815301076,1909f56bfc062723c751e8b465ee728b)
Start importing Assets/Fonts/VT323-Regular SDF.asset using Guid(cfacc6ee7fc81214f8582802f877ae6f) Importer(815301076,1909f56bfc062723c751e8b465ee728b)  -> (artifact id: '671d41de295c9bf19eeddf0dd1231711') in 0.105254 seconds
  Import took 0.108699 seconds .

========================================================================
Received Prepare
Registering precompiled user dll's ...
Registered in 0.001407 seconds.
Begin MonoManager ReloadAssembly
Native extension for WindowsStandalone target not found
Refreshing native plugins compatible for Editor in 0.42 ms, found 1 plugins.
Preloading 0 native plugins for Editor in 0.00 ms.
Invoked RoslynAnalysisRunner static constructor.
RoslynAnalysisRunner will not be running.
RoslynAnalysisRunner has terminated.
Mono: successfully reloaded assembly
- Completed reload, in  0.860 seconds
Platform modules already initialized, skipping
Refreshing native plugins compatible for Editor in 0.43 ms, found 1 plugins.
Preloading 0 native plugins for Editor in 0.00 ms.
Unloading 1983 Unused Serialized files (Serialized files now loaded: 0)
System memory in use before: 94.9 MB.
System memory in use after: 95.0 MB.

Unloading 11 unused Assets to reduce memory usage. Loaded Objects now: 2511.
Total: 2.122700 ms (FindLiveObjects: 0.221800 ms CreateObjectMapping: 0.046800 ms MarkObjects: 1.835300 ms  DeleteObjects: 0.017800 ms)

========================================================================
Received Import Request.
  Time since last request: 25.439021 seconds.
  path: Assets/Fonts/VT323-Regular SDF 1.asset
  artifactKey: Guid(0644421a4b9f5684ea3b3c2c5e5b310f) Importer(815301076,1909f56bfc062723c751e8b465ee728b)
Start importing Assets/Fonts/VT323-Regular SDF 1.asset using Guid(0644421a4b9f5684ea3b3c2c5e5b310f) Importer(815301076,1909f56bfc062723c751e8b465ee728b)  -> (artifact id: '89acd3417e957e64ac7aff7a0bb69f73') in 0.086689 seconds
  Import took 0.090350 seconds .

========================================================================
Received Import Request.
  Time since last request: 7.494120 seconds.
  path: Assets/Fonts/HighQuality.asset
  artifactKey: Guid(0644421a4b9f5684ea3b3c2c5e5b310f) Importer(815301076,1909f56bfc062723c751e8b465ee728b)
Start importing Assets/Fonts/HighQuality.asset using Guid(0644421a4b9f5684ea3b3c2c5e5b310f) Importer(815301076,1909f56bfc062723c751e8b465ee728b)  -> (artifact id: '1d91a485c150f3269919e85c7a1ad081') in 0.019178 seconds
  Import took 0.022547 seconds .

========================================================================
Received Import Request.
  Time since last request: 13.891175 seconds.
  path: Assets/Fonts/HighQuality.asset
  artifactKey: Guid(0644421a4b9f5684ea3b3c2c5e5b310f) Importer(815301076,1909f56bfc062723c751e8b465ee728b)
Start importing Assets/Fonts/HighQuality.asset using Guid(0644421a4b9f5684ea3b3c2c5e5b310f) Importer(815301076,1909f56bfc062723c751e8b465ee728b)  -> (artifact id: '5dc4de18fdbcdc08b63f6fd81defdf95') in 0.251753 seconds
  Import took 0.256008 seconds .

========================================================================
Received Import Request.
  Time since last request: 23.418656 seconds.
  path: Assets/Fonts/HighQuality.asset
  artifactKey: Guid(0644421a4b9f5684ea3b3c2c5e5b310f) Importer(815301076,1909f56bfc062723c751e8b465ee728b)
Start importing Assets/Fonts/HighQuality.asset using Guid(0644421a4b9f5684ea3b3c2c5e5b310f) Importer(815301076,1909f56bfc062723c751e8b465ee728b)  -> (artifact id: 'ebb557c74ed761e72bbf8848f176562b') in 0.063856 seconds
  Import took 0.067213 seconds .

========================================================================
Received Import Request.
  Time since last request: 8.648974 seconds.
  path: Assets/Fonts/HighQuality.asset
  artifactKey: Guid(0644421a4b9f5684ea3b3c2c5e5b310f) Importer(815301076,1909f56bfc062723c751e8b465ee728b)
Start importing Assets/Fonts/HighQuality.asset using Guid(0644421a4b9f5684ea3b3c2c5e5b310f) Importer(815301076,1909f56bfc062723c751e8b465ee728b)  -> (artifact id: '281aabdc80a07eee457f9a8faf0fa73b') in 0.029415 seconds
  Import took 0.033162 seconds .

========================================================================
Received Prepare
Registering precompiled user dll's ...
Registered in 0.001711 seconds.
Begin MonoManager ReloadAssembly
Native extension for WindowsStandalone target not found
Refreshing native plugins compatible for Editor in 0.41 ms, found 1 plugins.
Preloading 0 native plugins for Editor in 0.00 ms.
Invoked RoslynAnalysisRunner static constructor.
RoslynAnalysisRunner will not be running.
RoslynAnalysisRunner has terminated.
Mono: successfully reloaded assembly
- Completed reload, in  0.861 seconds
Platform modules already initialized, skipping
Refreshing native plugins compatible for Editor in 0.42 ms, found 1 plugins.
Preloading 0 native plugins for Editor in 0.00 ms.
Unloading 1983 Unused Serialized files (Serialized files now loaded: 0)
System memory in use before: 94.9 MB.
System memory in use after: 95.0 MB.

Unloading 11 unused Assets to reduce memory usage. Loaded Objects now: 2516.
Total: 2.193600 ms (FindLiveObjects: 0.250400 ms CreateObjectMapping: 0.048700 ms MarkObjects: 1.873200 ms  DeleteObjects: 0.020200 ms)

========================================================================
Received Prepare
Registering precompiled user dll's ...
Registered in 0.001479 seconds.
Begin MonoManager ReloadAssembly
Native extension for WindowsStandalone target not found
Refreshing native plugins compatible for Editor in 0.45 ms, found 1 plugins.
Preloading 0 native plugins for Editor in 0.00 ms.
Invoked RoslynAnalysisRunner static constructor.
RoslynAnalysisRunner will not be running.
RoslynAnalysisRunner has terminated.
Mono: successfully reloaded assembly
- Completed reload, in  0.845 seconds
Platform modules already initialized, skipping
Refreshing native plugins compatible for Editor in 0.42 ms, found 1 plugins.
Preloading 0 native plugins for Editor in 0.00 ms.
Unloading 1983 Unused Serialized files (Serialized files now loaded: 0)
System memory in use before: 94.9 MB.
System memory in use after: 95.0 MB.

Unloading 11 unused Assets to reduce memory usage. Loaded Objects now: 2519.
Total: 2.151900 ms (FindLiveObjects: 0.245700 ms CreateObjectMapping: 0.047500 ms MarkObjects: 1.840000 ms  DeleteObjects: 0.016900 ms)

========================================================================
Received Prepare
Registering precompiled user dll's ...
Registered in 0.001460 seconds.
Begin MonoManager ReloadAssembly
Native extension for WindowsStandalone target not found
Refreshing native plugins compatible for Editor in 0.42 ms, found 1 plugins.
Preloading 0 native plugins for Editor in 0.00 ms.
Invoked RoslynAnalysisRunner static constructor.
RoslynAnalysisRunner will not be running.
RoslynAnalysisRunner has terminated.
Mono: successfully reloaded assembly
- Completed reload, in  0.864 seconds
Platform modules already initialized, skipping
Refreshing native plugins compatible for Editor in 0.44 ms, found 1 plugins.
Preloading 0 native plugins for Editor in 0.00 ms.
Unloading 1983 Unused Serialized files (Serialized files now loaded: 0)
System memory in use before: 94.9 MB.
System memory in use after: 95.0 MB.

Unloading 11 unused Assets to reduce memory usage. Loaded Objects now: 2522.
Total: 2.276900 ms (FindLiveObjects: 0.250700 ms CreateObjectMapping: 0.048300 ms MarkObjects: 1.957500 ms  DeleteObjects: 0.019200 ms)

========================================================================
Received Prepare
Registering precompiled user dll's ...
Registered in 0.001449 seconds.
Begin MonoManager ReloadAssembly
Native extension for WindowsStandalone target not found
Refreshing native plugins compatible for Editor in 0.72 ms, found 1 plugins.
Preloading 0 native plugins for Editor in 0.00 ms.
Invoked RoslynAnalysisRunner static constructor.
RoslynAnalysisRunner will not be running.
RoslynAnalysisRunner has terminated.
Mono: successfully reloaded assembly
- Completed reload, in  0.965 seconds
Platform modules already initialized, skipping
Refreshing native plugins compatible for Editor in 0.69 ms, found 1 plugins.
Preloading 0 native plugins for Editor in 0.00 ms.
Unloading 1983 Unused Serialized files (Serialized files now loaded: 0)
System memory in use before: 94.9 MB.
System memory in use after: 95.0 MB.

Unloading 11 unused Assets to reduce memory usage. Loaded Objects now: 2525.
Total: 2.911400 ms (FindLiveObjects: 0.345100 ms CreateObjectMapping: 0.066000 ms MarkObjects: 2.473900 ms  DeleteObjects: 0.024700 ms)

AssetImportWorkerClient::OnTransportError - code=2 error=End of file
