Using pre-set license
Built from '2020.3/release' branch; Version is '2020.3.2f1 (8fd9074bf66c) revision 9427207'; Using compiler version '192528614'; Build Type 'Release'
OS: 'Windows 10 Pro; OS build 19042.1052; Version 2009; 64bit' Language: 'en' Physical Memory: 16332 MB
BatchMode: 1, IsHumanControllingUs: 0, StartBugReporterOnCrash: 0, Is64bit: 1, IsPro: 0

 COMMAND LINE ARGUMENTS:
D:\Applications\Unity\Versions\2020.3.2f1\Editor\Unity.exe
-adb2
-batchMode
-noUpm
-name
AssetImportWorker0
-projectPath
P:/Unity/GMTK2021
-logFile
Logs/AssetImportWorker0.log
-srvPort
50239
Successfully changed project path to: P:/Unity/GMTK2021
P:/Unity/GMTK2021
Using Asset Import Pipeline V2.
Refreshing native plugins compatible for Editor in 40.01 ms, found 1 plugins.
Preloading 0 native plugins for Editor in 0.00 ms.
Initialize engine version: 2020.3.2f1 (8fd9074bf66c)
[Subsystems] Discovering subsystems at path D:/Applications/Unity/Versions/2020.3.2f1/Editor/Data/Resources/UnitySubsystems
[Subsystems] Discovering subsystems at path P:/Unity/GMTK2021/Assets
GfxDevice: creating device client; threaded=0
Direct3D:
    Version:  Direct3D 11.0 [level 11.1]
    Renderer: NVIDIA GeForce GTX 1660 (ID=0x2184)
    Vendor:   
    VRAM:     5991 MB
    Driver:   27.21.14.5671
Initialize mono
Mono path[0] = 'D:/Applications/Unity/Versions/2020.3.2f1/Editor/Data/Managed'
Mono path[1] = 'D:/Applications/Unity/Versions/2020.3.2f1/Editor/Data/MonoBleedingEdge/lib/mono/unityjit'
Mono config path = 'D:/Applications/Unity/Versions/2020.3.2f1/Editor/Data/MonoBleedingEdge/etc'
Using monoOptions --debugger-agent=transport=dt_socket,embedding=1,server=y,suspend=n,address=127.0.0.1:56056
Begin MonoManager ReloadAssembly
Registering precompiled unity dll's ...
Register platform support module: D:/Applications/Unity/Versions/2020.3.2f1/Editor/Data/PlaybackEngines/WindowsStandaloneSupport/UnityEditor.WindowsStandalone.Extensions.dll
Registered in 0.001198 seconds.
Native extension for WindowsStandalone target not found
Refreshing native plugins compatible for Editor in 39.58 ms, found 1 plugins.
Preloading 0 native plugins for Editor in 0.00 ms.
Invoked RoslynAnalysisRunner static constructor.
RoslynAnalysisRunner will not be running.
RoslynAnalysisRunner has terminated.
Mono: successfully reloaded assembly
- Completed reload, in  0.907 seconds
Platform modules already initialized, skipping
Registering precompiled user dll's ...
Registered in 0.001318 seconds.
Begin MonoManager ReloadAssembly
Native extension for WindowsStandalone target not found
Refreshing native plugins compatible for Editor in 40.22 ms, found 1 plugins.
Preloading 0 native plugins for Editor in 0.00 ms.
Invoked RoslynAnalysisRunner static constructor.
RoslynAnalysisRunner will not be running.
RoslynAnalysisRunner has terminated.
Mono: successfully reloaded assembly
- Completed reload, in  0.931 seconds
Platform modules already initialized, skipping
========================================================================
Worker process is ready to serve import requests
Launched and connected shader compiler UnityShaderCompiler.exe after 0.04 seconds
Refreshing native plugins compatible for Editor in 0.40 ms, found 1 plugins.
Preloading 0 native plugins for Editor in 0.00 ms.
Unloading 2009 Unused Serialized files (Serialized files now loaded: 0)
System memory in use before: 93.4 MB.
System memory in use after: 93.5 MB.

Unloading 22 unused Assets to reduce memory usage. Loaded Objects now: 2461.
Total: 2.195100 ms (FindLiveObjects: 0.222800 ms CreateObjectMapping: 0.051400 ms MarkObjects: 1.840900 ms  DeleteObjects: 0.078900 ms)

========================================================================
Received Import Request.
  path: Assets/Scenes/2.unity
  artifactKey: Guid(117153b99cf12b74da8a0f0b4e997bae) Importer(815301076,1909f56bfc062723c751e8b465ee728b)
Start importing Assets/Scenes/2.unity using Guid(117153b99cf12b74da8a0f0b4e997bae) Importer(815301076,1909f56bfc062723c751e8b465ee728b)  -> (artifact id: '4bff620ca2a1ff2be27e4d2dcbc2e4f3') in 0.011145 seconds
  Import took 0.014451 seconds .

========================================================================
Received Import Request.
  Time since last request: 0.017024 seconds.
  path: Assets/Scenes/2.unity
  artifactKey: Guid(117153b99cf12b74da8a0f0b4e997bae) Importer(815301076,1909f56bfc062723c751e8b465ee728b)
Start importing Assets/Scenes/2.unity using Guid(117153b99cf12b74da8a0f0b4e997bae) Importer(815301076,1909f56bfc062723c751e8b465ee728b)  -> (artifact id: '4bff620ca2a1ff2be27e4d2dcbc2e4f3') in 0.001684 seconds
  Import took 0.004920 seconds .

========================================================================
Received Prepare
Registering precompiled user dll's ...
Registered in 0.001413 seconds.
Begin MonoManager ReloadAssembly
Native extension for WindowsStandalone target not found
Refreshing native plugins compatible for Editor in 0.44 ms, found 1 plugins.
Preloading 0 native plugins for Editor in 0.00 ms.
Invoked RoslynAnalysisRunner static constructor.
RoslynAnalysisRunner will not be running.
RoslynAnalysisRunner has terminated.
Mono: successfully reloaded assembly
- Completed reload, in  0.887 seconds
Platform modules already initialized, skipping
Refreshing native plugins compatible for Editor in 0.42 ms, found 1 plugins.
Preloading 0 native plugins for Editor in 0.00 ms.
Unloading 1985 Unused Serialized files (Serialized files now loaded: 0)
System memory in use before: 91.6 MB.
System memory in use after: 91.7 MB.

Unloading 11 unused Assets to reduce memory usage. Loaded Objects now: 2464.
Total: 1.925600 ms (FindLiveObjects: 0.210900 ms CreateObjectMapping: 0.046300 ms MarkObjects: 1.652000 ms  DeleteObjects: 0.015500 ms)

========================================================================
Received Import Request.
  Time since last request: 328.679073 seconds.
  path: Assets/Sound/mus_main.ogg
  artifactKey: Guid(fe95403a91fe3d245913f710a7efd21a) Importer(815301076,1909f56bfc062723c751e8b465ee728b)
Start importing Assets/Sound/mus_main.ogg using Guid(fe95403a91fe3d245913f710a7efd21a) Importer(815301076,1909f56bfc062723c751e8b465ee728b)  -> (artifact id: '9fae4a6ce4937eef918351178ce55943') in 0.157540 seconds
  Import took 0.161121 seconds .

========================================================================
Received Import Request.
  Time since last request: 16.547527 seconds.
  path: Assets/Sprites/Characters/wueen-bee.png
  artifactKey: Guid(54eac8f96a3276c4aa8db4f5a7d54c10) Importer(815301076,1909f56bfc062723c751e8b465ee728b)
Start importing Assets/Sprites/Characters/wueen-bee.png using Guid(54eac8f96a3276c4aa8db4f5a7d54c10) Importer(815301076,1909f56bfc062723c751e8b465ee728b)  -> (artifact id: '70b33730f8f66ddcc415af43f29fe8e4') in 0.047600 seconds
  Import took 0.057351 seconds .

========================================================================
Received Import Request.
  Time since last request: 3.300893 seconds.
  path: Assets/Sprites/Characters/wueen-bee.png
  artifactKey: Guid(54eac8f96a3276c4aa8db4f5a7d54c10) Importer(815301076,1909f56bfc062723c751e8b465ee728b)
Start importing Assets/Sprites/Characters/wueen-bee.png using Guid(54eac8f96a3276c4aa8db4f5a7d54c10) Importer(815301076,1909f56bfc062723c751e8b465ee728b)  -> (artifact id: 'a694dc8619e10f3d7b5af0de44af117c') in 0.007674 seconds
  Import took 0.010905 seconds .

========================================================================
Received Import Request.
  Time since last request: 0.003236 seconds.
  path: Assets/Sprites/Characters/wueen-bee.png
  artifactKey: Guid(54eac8f96a3276c4aa8db4f5a7d54c10) Importer(815301076,1909f56bfc062723c751e8b465ee728b)
Start importing Assets/Sprites/Characters/wueen-bee.png using Guid(54eac8f96a3276c4aa8db4f5a7d54c10) Importer(815301076,1909f56bfc062723c751e8b465ee728b)  -> (artifact id: 'a694dc8619e10f3d7b5af0de44af117c') in 0.014954 seconds
  Import took 0.018196 seconds .

========================================================================
Received Import Request.
  Time since last request: 10.673359 seconds.
  path: Assets/Sprites/Characters/wueen-bee.png
  artifactKey: Guid(54eac8f96a3276c4aa8db4f5a7d54c10) Importer(815301076,1909f56bfc062723c751e8b465ee728b)
Start importing Assets/Sprites/Characters/wueen-bee.png using Guid(54eac8f96a3276c4aa8db4f5a7d54c10) Importer(815301076,1909f56bfc062723c751e8b465ee728b)  -> (artifact id: '78979da4125f327b6b698cb6c7656afb') in 0.007602 seconds
  Import took 0.018633 seconds .

========================================================================
Received Prepare
Registering precompiled user dll's ...
Registered in 0.001380 seconds.
Begin MonoManager ReloadAssembly
Native extension for WindowsStandalone target not found
Refreshing native plugins compatible for Editor in 0.41 ms, found 1 plugins.
Preloading 0 native plugins for Editor in 0.00 ms.
Invoked RoslynAnalysisRunner static constructor.
RoslynAnalysisRunner will not be running.
RoslynAnalysisRunner has terminated.
Mono: successfully reloaded assembly
- Completed reload, in  0.912 seconds
Platform modules already initialized, skipping
Refreshing native plugins compatible for Editor in 1.04 ms, found 1 plugins.
Preloading 0 native plugins for Editor in 0.00 ms.
Unloading 1985 Unused Serialized files (Serialized files now loaded: 0)
System memory in use before: 94.6 MB.
System memory in use after: 94.7 MB.

Unloading 11 unused Assets to reduce memory usage. Loaded Objects now: 2479.
Total: 2.381800 ms (FindLiveObjects: 0.370100 ms CreateObjectMapping: 0.078100 ms MarkObjects: 1.910000 ms  DeleteObjects: 0.022500 ms)

========================================================================
Received Prepare
Registering precompiled user dll's ...
Registered in 0.001359 seconds.
Begin MonoManager ReloadAssembly
Native extension for WindowsStandalone target not found
Refreshing native plugins compatible for Editor in 0.43 ms, found 1 plugins.
Preloading 0 native plugins for Editor in 0.00 ms.
Invoked RoslynAnalysisRunner static constructor.
RoslynAnalysisRunner will not be running.
RoslynAnalysisRunner has terminated.
Mono: successfully reloaded assembly
- Completed reload, in  0.932 seconds
Platform modules already initialized, skipping
Refreshing native plugins compatible for Editor in 0.42 ms, found 1 plugins.
Preloading 0 native plugins for Editor in 0.00 ms.
Unloading 1985 Unused Serialized files (Serialized files now loaded: 0)
System memory in use before: 94.6 MB.
System memory in use after: 94.8 MB.

Unloading 11 unused Assets to reduce memory usage. Loaded Objects now: 2482.
Total: 1.999000 ms (FindLiveObjects: 0.226300 ms CreateObjectMapping: 0.070400 ms MarkObjects: 1.685400 ms  DeleteObjects: 0.015800 ms)

========================================================================
Received Prepare
Registering precompiled user dll's ...
Registered in 0.001504 seconds.
Begin MonoManager ReloadAssembly
Native extension for WindowsStandalone target not found
Refreshing native plugins compatible for Editor in 0.51 ms, found 1 plugins.
Preloading 0 native plugins for Editor in 0.00 ms.
Invoked RoslynAnalysisRunner static constructor.
RoslynAnalysisRunner will not be running.
RoslynAnalysisRunner has terminated.
Mono: successfully reloaded assembly
- Completed reload, in  0.879 seconds
Platform modules already initialized, skipping
Refreshing native plugins compatible for Editor in 0.55 ms, found 1 plugins.
Preloading 0 native plugins for Editor in 0.00 ms.
Unloading 1985 Unused Serialized files (Serialized files now loaded: 0)
System memory in use before: 94.7 MB.
System memory in use after: 94.8 MB.

Unloading 11 unused Assets to reduce memory usage. Loaded Objects now: 2485.
Total: 2.217600 ms (FindLiveObjects: 0.243400 ms CreateObjectMapping: 0.048800 ms MarkObjects: 1.904700 ms  DeleteObjects: 0.019400 ms)

========================================================================
Received Import Request.
  Time since last request: 105.573873 seconds.
  path: Assets/Scenes/2.unity
  artifactKey: Guid(117153b99cf12b74da8a0f0b4e997bae) Importer(815301076,1909f56bfc062723c751e8b465ee728b)
Start importing Assets/Scenes/2.unity using Guid(117153b99cf12b74da8a0f0b4e997bae) Importer(815301076,1909f56bfc062723c751e8b465ee728b)  -> (artifact id: '987ee9638ee5d06df4cc068baffa5fb5') in 0.010780 seconds
  Import took 0.014082 seconds .

========================================================================
Received Prepare
Registering precompiled user dll's ...
Registered in 0.001395 seconds.
Begin MonoManager ReloadAssembly
Native extension for WindowsStandalone target not found
Refreshing native plugins compatible for Editor in 0.58 ms, found 1 plugins.
Preloading 0 native plugins for Editor in 0.00 ms.
Invoked RoslynAnalysisRunner static constructor.
RoslynAnalysisRunner will not be running.
RoslynAnalysisRunner has terminated.
Mono: successfully reloaded assembly
- Completed reload, in  0.918 seconds
Platform modules already initialized, skipping
Refreshing native plugins compatible for Editor in 0.41 ms, found 1 plugins.
Preloading 0 native plugins for Editor in 0.00 ms.
Unloading 1985 Unused Serialized files (Serialized files now loaded: 0)
System memory in use before: 94.7 MB.
System memory in use after: 94.8 MB.

Unloading 11 unused Assets to reduce memory usage. Loaded Objects now: 2488.
Total: 2.097500 ms (FindLiveObjects: 0.231200 ms CreateObjectMapping: 0.046700 ms MarkObjects: 1.800300 ms  DeleteObjects: 0.017700 ms)

========================================================================
Received Prepare
Registering precompiled user dll's ...
Registered in 0.001449 seconds.
Begin MonoManager ReloadAssembly
Native extension for WindowsStandalone target not found
Refreshing native plugins compatible for Editor in 0.43 ms, found 1 plugins.
Preloading 0 native plugins for Editor in 0.00 ms.
Invoked RoslynAnalysisRunner static constructor.
RoslynAnalysisRunner will not be running.
RoslynAnalysisRunner has terminated.
Mono: successfully reloaded assembly
- Completed reload, in  0.838 seconds
Platform modules already initialized, skipping
Refreshing native plugins compatible for Editor in 0.41 ms, found 1 plugins.
Preloading 0 native plugins for Editor in 0.00 ms.
Unloading 1985 Unused Serialized files (Serialized files now loaded: 0)
System memory in use before: 94.7 MB.
System memory in use after: 94.8 MB.

Unloading 11 unused Assets to reduce memory usage. Loaded Objects now: 2491.
Total: 1.989900 ms (FindLiveObjects: 0.232300 ms CreateObjectMapping: 0.046000 ms MarkObjects: 1.694700 ms  DeleteObjects: 0.016000 ms)

========================================================================
Received Import Request.
  Time since last request: 234.251103 seconds.
  path: Assets/Scenes/1.unity
  artifactKey: Guid(1c29ea7c39982c24497599e8a8372add) Importer(815301076,1909f56bfc062723c751e8b465ee728b)
Start importing Assets/Scenes/1.unity using Guid(1c29ea7c39982c24497599e8a8372add) Importer(815301076,1909f56bfc062723c751e8b465ee728b)  -> (artifact id: '61221c85de0b42c4112447cb99dfb199') in 0.010222 seconds
  Import took 0.020163 seconds .

========================================================================
Received Prepare
Registering precompiled user dll's ...
Registered in 0.001386 seconds.
Begin MonoManager ReloadAssembly
Native extension for WindowsStandalone target not found
Refreshing native plugins compatible for Editor in 0.42 ms, found 1 plugins.
Preloading 0 native plugins for Editor in 0.00 ms.
Invoked RoslynAnalysisRunner static constructor.
RoslynAnalysisRunner will not be running.
RoslynAnalysisRunner has terminated.
Mono: successfully reloaded assembly
- Completed reload, in  0.832 seconds
Platform modules already initialized, skipping
Refreshing native plugins compatible for Editor in 0.41 ms, found 1 plugins.
Preloading 0 native plugins for Editor in 0.00 ms.
Unloading 1985 Unused Serialized files (Serialized files now loaded: 0)
System memory in use before: 94.7 MB.
System memory in use after: 94.8 MB.

Unloading 11 unused Assets to reduce memory usage. Loaded Objects now: 2494.
Total: 2.084200 ms (FindLiveObjects: 0.240400 ms CreateObjectMapping: 0.046900 ms MarkObjects: 1.775500 ms  DeleteObjects: 0.020200 ms)

========================================================================
Received Prepare
Registering precompiled user dll's ...
Registered in 0.001374 seconds.
Begin MonoManager ReloadAssembly
Native extension for WindowsStandalone target not found
Refreshing native plugins compatible for Editor in 0.42 ms, found 1 plugins.
Preloading 0 native plugins for Editor in 0.00 ms.
Invoked RoslynAnalysisRunner static constructor.
RoslynAnalysisRunner will not be running.
RoslynAnalysisRunner has terminated.
Mono: successfully reloaded assembly
- Completed reload, in  0.854 seconds
Platform modules already initialized, skipping
Refreshing native plugins compatible for Editor in 0.44 ms, found 1 plugins.
Preloading 0 native plugins for Editor in 0.00 ms.
Unloading 1985 Unused Serialized files (Serialized files now loaded: 0)
System memory in use before: 94.7 MB.
System memory in use after: 94.8 MB.

Unloading 11 unused Assets to reduce memory usage. Loaded Objects now: 2497.
Total: 2.129900 ms (FindLiveObjects: 0.228500 ms CreateObjectMapping: 0.045600 ms MarkObjects: 1.834600 ms  DeleteObjects: 0.020000 ms)

========================================================================
Received Prepare
Registering precompiled user dll's ...
Registered in 0.001704 seconds.
Begin MonoManager ReloadAssembly
Native extension for WindowsStandalone target not found
Refreshing native plugins compatible for Editor in 0.42 ms, found 1 plugins.
Preloading 0 native plugins for Editor in 0.00 ms.
Invoked RoslynAnalysisRunner static constructor.
RoslynAnalysisRunner will not be running.
RoslynAnalysisRunner has terminated.
Mono: successfully reloaded assembly
- Completed reload, in  0.839 seconds
Platform modules already initialized, skipping
Refreshing native plugins compatible for Editor in 0.41 ms, found 1 plugins.
Preloading 0 native plugins for Editor in 0.00 ms.
Unloading 1985 Unused Serialized files (Serialized files now loaded: 0)
System memory in use before: 94.7 MB.
System memory in use after: 94.8 MB.

Unloading 11 unused Assets to reduce memory usage. Loaded Objects now: 2500.
Total: 1.968500 ms (FindLiveObjects: 0.222700 ms CreateObjectMapping: 0.047900 ms MarkObjects: 1.682200 ms  DeleteObjects: 0.014700 ms)

========================================================================
Received Prepare
Registering precompiled user dll's ...
Registered in 0.001403 seconds.
Begin MonoManager ReloadAssembly
Native extension for WindowsStandalone target not found
Refreshing native plugins compatible for Editor in 0.43 ms, found 1 plugins.
Preloading 0 native plugins for Editor in 0.00 ms.
Invoked RoslynAnalysisRunner static constructor.
RoslynAnalysisRunner will not be running.
RoslynAnalysisRunner has terminated.
Mono: successfully reloaded assembly
- Completed reload, in  0.860 seconds
Platform modules already initialized, skipping
Refreshing native plugins compatible for Editor in 0.52 ms, found 1 plugins.
Preloading 0 native plugins for Editor in 0.00 ms.
Unloading 1985 Unused Serialized files (Serialized files now loaded: 0)
System memory in use before: 94.7 MB.
System memory in use after: 94.8 MB.

Unloading 11 unused Assets to reduce memory usage. Loaded Objects now: 2503.
Total: 2.412600 ms (FindLiveObjects: 0.296700 ms CreateObjectMapping: 0.059900 ms MarkObjects: 2.035300 ms  DeleteObjects: 0.019500 ms)

========================================================================
Received Prepare
Registering precompiled user dll's ...
Registered in 0.001637 seconds.
Begin MonoManager ReloadAssembly
Native extension for WindowsStandalone target not found
Refreshing native plugins compatible for Editor in 0.43 ms, found 1 plugins.
Preloading 0 native plugins for Editor in 0.00 ms.
Invoked RoslynAnalysisRunner static constructor.
RoslynAnalysisRunner will not be running.
RoslynAnalysisRunner has terminated.
Mono: successfully reloaded assembly
- Completed reload, in  0.875 seconds
Platform modules already initialized, skipping
Refreshing native plugins compatible for Editor in 0.41 ms, found 1 plugins.
Preloading 0 native plugins for Editor in 0.00 ms.
Unloading 1986 Unused Serialized files (Serialized files now loaded: 0)
System memory in use before: 94.8 MB.
System memory in use after: 94.9 MB.

Unloading 11 unused Assets to reduce memory usage. Loaded Objects now: 2507.
Total: 2.169600 ms (FindLiveObjects: 0.232900 ms CreateObjectMapping: 0.047600 ms MarkObjects: 1.866300 ms  DeleteObjects: 0.021900 ms)

========================================================================
Received Prepare
Registering precompiled user dll's ...
Registered in 0.001539 seconds.
Begin MonoManager ReloadAssembly
Native extension for WindowsStandalone target not found
Refreshing native plugins compatible for Editor in 0.62 ms, found 1 plugins.
Preloading 0 native plugins for Editor in 0.00 ms.
Invoked RoslynAnalysisRunner static constructor.
RoslynAnalysisRunner will not be running.
RoslynAnalysisRunner has terminated.
Mono: successfully reloaded assembly
- Completed reload, in  0.965 seconds
Platform modules already initialized, skipping
Refreshing native plugins compatible for Editor in 0.63 ms, found 1 plugins.
Preloading 0 native plugins for Editor in 0.00 ms.
Unloading 1986 Unused Serialized files (Serialized files now loaded: 0)
System memory in use before: 94.8 MB.
System memory in use after: 94.9 MB.

Unloading 11 unused Assets to reduce memory usage. Loaded Objects now: 2510.
Total: 2.116900 ms (FindLiveObjects: 0.231600 ms CreateObjectMapping: 0.045400 ms MarkObjects: 1.820800 ms  DeleteObjects: 0.018200 ms)

========================================================================
Received Import Request.
  Time since last request: 193.324333 seconds.
  path: Assets/AudioManager.cs
  artifactKey: Guid(e8cf4929df3f2f847b6b5ee4291889bc) Importer(815301076,1909f56bfc062723c751e8b465ee728b)
Start importing Assets/AudioManager.cs using Guid(e8cf4929df3f2f847b6b5ee4291889bc) Importer(815301076,1909f56bfc062723c751e8b465ee728b)  -> (artifact id: 'e32b6b9bc6fe80fb77bbbfd948c7a6b3') in 0.102954 seconds
  Import took 0.106341 seconds .

========================================================================
Received Import Request.
  Time since last request: 13.789183 seconds.
  path: Assets/Sound/SFX
  artifactKey: Guid(55f8da13509a8a648a8068509e353a35) Importer(815301076,1909f56bfc062723c751e8b465ee728b)
Start importing Assets/Sound/SFX using Guid(55f8da13509a8a648a8068509e353a35) Importer(815301076,1909f56bfc062723c751e8b465ee728b)  -> (artifact id: 'd8b7230da6ca2a560f6a8a64884a3b21') in 0.002006 seconds
  Import took 0.005312 seconds .

========================================================================
Received Prepare
Registering precompiled user dll's ...
Registered in 0.001759 seconds.
Begin MonoManager ReloadAssembly
Native extension for WindowsStandalone target not found
Refreshing native plugins compatible for Editor in 0.76 ms, found 1 plugins.
Preloading 0 native plugins for Editor in 0.00 ms.
Invoked RoslynAnalysisRunner static constructor.
RoslynAnalysisRunner will not be running.
RoslynAnalysisRunner has terminated.
Mono: successfully reloaded assembly
- Completed reload, in  1.174 seconds
Platform modules already initialized, skipping
Refreshing native plugins compatible for Editor in 0.69 ms, found 1 plugins.
Preloading 0 native plugins for Editor in 0.00 ms.
Unloading 1986 Unused Serialized files (Serialized files now loaded: 0)
System memory in use before: 94.8 MB.
System memory in use after: 94.9 MB.

Unloading 11 unused Assets to reduce memory usage. Loaded Objects now: 2513.
Total: 3.294300 ms (FindLiveObjects: 0.324100 ms CreateObjectMapping: 0.090000 ms MarkObjects: 2.855400 ms  DeleteObjects: 0.023200 ms)

========================================================================
Received Prepare
Registering precompiled user dll's ...
Registered in 0.001413 seconds.
Begin MonoManager ReloadAssembly
Native extension for WindowsStandalone target not found
Refreshing native plugins compatible for Editor in 0.42 ms, found 1 plugins.
Preloading 0 native plugins for Editor in 0.00 ms.
Invoked RoslynAnalysisRunner static constructor.
RoslynAnalysisRunner will not be running.
RoslynAnalysisRunner has terminated.
Mono: successfully reloaded assembly
- Completed reload, in  0.868 seconds
Platform modules already initialized, skipping
Refreshing native plugins compatible for Editor in 0.44 ms, found 1 plugins.
Preloading 0 native plugins for Editor in 0.00 ms.
Unloading 1986 Unused Serialized files (Serialized files now loaded: 0)
System memory in use before: 94.8 MB.
System memory in use after: 94.9 MB.

Unloading 11 unused Assets to reduce memory usage. Loaded Objects now: 2516.
Total: 2.503200 ms (FindLiveObjects: 0.281400 ms CreateObjectMapping: 0.047600 ms MarkObjects: 2.150300 ms  DeleteObjects: 0.022400 ms)

========================================================================
Received Prepare
Registering precompiled user dll's ...
Registered in 0.001585 seconds.
Begin MonoManager ReloadAssembly
Native extension for WindowsStandalone target not found
Refreshing native plugins compatible for Editor in 0.46 ms, found 1 plugins.
Preloading 0 native plugins for Editor in 0.00 ms.
Invoked RoslynAnalysisRunner static constructor.
RoslynAnalysisRunner will not be running.
RoslynAnalysisRunner has terminated.
Mono: successfully reloaded assembly
- Completed reload, in  0.898 seconds
Platform modules already initialized, skipping
Refreshing native plugins compatible for Editor in 0.81 ms, found 1 plugins.
Preloading 0 native plugins for Editor in 0.00 ms.
Unloading 1986 Unused Serialized files (Serialized files now loaded: 0)
System memory in use before: 94.8 MB.
System memory in use after: 94.9 MB.

Unloading 11 unused Assets to reduce memory usage. Loaded Objects now: 2519.
Total: 3.145700 ms (FindLiveObjects: 0.362300 ms CreateObjectMapping: 0.104100 ms MarkObjects: 2.653600 ms  DeleteObjects: 0.023900 ms)

========================================================================
Received Prepare
Registering precompiled user dll's ...
Registered in 0.001433 seconds.
Begin MonoManager ReloadAssembly
Native extension for WindowsStandalone target not found
Refreshing native plugins compatible for Editor in 0.45 ms, found 1 plugins.
Preloading 0 native plugins for Editor in 0.00 ms.
Invoked RoslynAnalysisRunner static constructor.
RoslynAnalysisRunner will not be running.
RoslynAnalysisRunner has terminated.
Mono: successfully reloaded assembly
- Completed reload, in  0.875 seconds
Platform modules already initialized, skipping
Refreshing native plugins compatible for Editor in 0.48 ms, found 1 plugins.
Preloading 0 native plugins for Editor in 0.00 ms.
Unloading 1986 Unused Serialized files (Serialized files now loaded: 0)
System memory in use before: 94.8 MB.
System memory in use after: 94.9 MB.

Unloading 11 unused Assets to reduce memory usage. Loaded Objects now: 2522.
Total: 2.065200 ms (FindLiveObjects: 0.238100 ms CreateObjectMapping: 0.046700 ms MarkObjects: 1.763100 ms  DeleteObjects: 0.016300 ms)

========================================================================
Received Prepare
Registering precompiled user dll's ...
Registered in 0.001651 seconds.
Begin MonoManager ReloadAssembly
Native extension for WindowsStandalone target not found
Refreshing native plugins compatible for Editor in 0.49 ms, found 1 plugins.
Preloading 0 native plugins for Editor in 0.00 ms.
Invoked RoslynAnalysisRunner static constructor.
RoslynAnalysisRunner will not be running.
RoslynAnalysisRunner has terminated.
Mono: successfully reloaded assembly
- Completed reload, in  0.887 seconds
Platform modules already initialized, skipping
Refreshing native plugins compatible for Editor in 0.44 ms, found 1 plugins.
Preloading 0 native plugins for Editor in 0.00 ms.
Unloading 1986 Unused Serialized files (Serialized files now loaded: 0)
System memory in use before: 94.8 MB.
System memory in use after: 94.9 MB.

Unloading 11 unused Assets to reduce memory usage. Loaded Objects now: 2525.
Total: 2.105800 ms (FindLiveObjects: 0.239000 ms CreateObjectMapping: 0.047000 ms MarkObjects: 1.801900 ms  DeleteObjects: 0.017100 ms)

========================================================================
Received Prepare
Registering precompiled user dll's ...
Registered in 0.001465 seconds.
Begin MonoManager ReloadAssembly
Native extension for WindowsStandalone target not found
Refreshing native plugins compatible for Editor in 0.45 ms, found 1 plugins.
Preloading 0 native plugins for Editor in 0.00 ms.
Invoked RoslynAnalysisRunner static constructor.
RoslynAnalysisRunner will not be running.
RoslynAnalysisRunner has terminated.
Mono: successfully reloaded assembly
- Completed reload, in  0.954 seconds
Platform modules already initialized, skipping
Refreshing native plugins compatible for Editor in 0.79 ms, found 1 plugins.
Preloading 0 native plugins for Editor in 0.00 ms.
Unloading 1986 Unused Serialized files (Serialized files now loaded: 0)
System memory in use before: 94.8 MB.
System memory in use after: 94.9 MB.

Unloading 11 unused Assets to reduce memory usage. Loaded Objects now: 2528.
Total: 2.407600 ms (FindLiveObjects: 0.240600 ms CreateObjectMapping: 0.048200 ms MarkObjects: 2.092500 ms  DeleteObjects: 0.024900 ms)

========================================================================
Received Prepare
Registering precompiled user dll's ...
Registered in 0.001386 seconds.
Begin MonoManager ReloadAssembly
Native extension for WindowsStandalone target not found
Refreshing native plugins compatible for Editor in 0.45 ms, found 1 plugins.
Preloading 0 native plugins for Editor in 0.00 ms.
Invoked RoslynAnalysisRunner static constructor.
RoslynAnalysisRunner will not be running.
RoslynAnalysisRunner has terminated.
Mono: successfully reloaded assembly
- Completed reload, in  0.879 seconds
Platform modules already initialized, skipping
Refreshing native plugins compatible for Editor in 0.77 ms, found 1 plugins.
Preloading 0 native plugins for Editor in 0.00 ms.
Unloading 1986 Unused Serialized files (Serialized files now loaded: 0)
System memory in use before: 94.8 MB.
System memory in use after: 94.9 MB.

Unloading 11 unused Assets to reduce memory usage. Loaded Objects now: 2531.
Total: 2.457100 ms (FindLiveObjects: 0.314800 ms CreateObjectMapping: 0.048500 ms MarkObjects: 2.072300 ms  DeleteObjects: 0.019700 ms)

========================================================================
Received Prepare
Registering precompiled user dll's ...
Registered in 0.001943 seconds.
Begin MonoManager ReloadAssembly
Native extension for WindowsStandalone target not found
Refreshing native plugins compatible for Editor in 0.52 ms, found 1 plugins.
Preloading 0 native plugins for Editor in 0.00 ms.
Invoked RoslynAnalysisRunner static constructor.
RoslynAnalysisRunner will not be running.
RoslynAnalysisRunner has terminated.
Mono: successfully reloaded assembly
- Completed reload, in  0.898 seconds
Platform modules already initialized, skipping
Refreshing native plugins compatible for Editor in 0.41 ms, found 1 plugins.
Preloading 0 native plugins for Editor in 0.00 ms.
Unloading 1986 Unused Serialized files (Serialized files now loaded: 0)
System memory in use before: 94.8 MB.
System memory in use after: 94.9 MB.

Unloading 11 unused Assets to reduce memory usage. Loaded Objects now: 2534.
Total: 2.152000 ms (FindLiveObjects: 0.233800 ms CreateObjectMapping: 0.046400 ms MarkObjects: 1.850700 ms  DeleteObjects: 0.019900 ms)

========================================================================
Received Prepare
Registering precompiled user dll's ...
Registered in 0.002098 seconds.
Begin MonoManager ReloadAssembly
Native extension for WindowsStandalone target not found
Refreshing native plugins compatible for Editor in 0.43 ms, found 1 plugins.
Preloading 0 native plugins for Editor in 0.00 ms.
Invoked RoslynAnalysisRunner static constructor.
RoslynAnalysisRunner will not be running.
RoslynAnalysisRunner has terminated.
Mono: successfully reloaded assembly
- Completed reload, in  0.879 seconds
Platform modules already initialized, skipping
Refreshing native plugins compatible for Editor in 0.44 ms, found 1 plugins.
Preloading 0 native plugins for Editor in 0.00 ms.
Unloading 1986 Unused Serialized files (Serialized files now loaded: 0)
System memory in use before: 94.8 MB.
System memory in use after: 94.9 MB.

Unloading 11 unused Assets to reduce memory usage. Loaded Objects now: 2537.
Total: 2.623500 ms (FindLiveObjects: 0.253400 ms CreateObjectMapping: 0.048200 ms MarkObjects: 2.297800 ms  DeleteObjects: 0.022500 ms)

========================================================================
Received Prepare
Registering precompiled user dll's ...
Registered in 0.001449 seconds.
Begin MonoManager ReloadAssembly
Native extension for WindowsStandalone target not found
Refreshing native plugins compatible for Editor in 0.43 ms, found 1 plugins.
Preloading 0 native plugins for Editor in 0.00 ms.
Invoked RoslynAnalysisRunner static constructor.
RoslynAnalysisRunner will not be running.
RoslynAnalysisRunner has terminated.
Mono: successfully reloaded assembly
- Completed reload, in  0.858 seconds
Platform modules already initialized, skipping
Refreshing native plugins compatible for Editor in 0.43 ms, found 1 plugins.
Preloading 0 native plugins for Editor in 0.00 ms.
Unloading 1986 Unused Serialized files (Serialized files now loaded: 0)
System memory in use before: 94.8 MB.
System memory in use after: 95.0 MB.

Unloading 11 unused Assets to reduce memory usage. Loaded Objects now: 2540.
Total: 2.205100 ms (FindLiveObjects: 0.257400 ms CreateObjectMapping: 0.048400 ms MarkObjects: 1.879400 ms  DeleteObjects: 0.018700 ms)

========================================================================
Received Import Request.
  Time since last request: 243.974381 seconds.
  path: Assets/Scenes/1.unity
  artifactKey: Guid(1c29ea7c39982c24497599e8a8372add) Importer(815301076,1909f56bfc062723c751e8b465ee728b)
Start importing Assets/Scenes/1.unity using Guid(1c29ea7c39982c24497599e8a8372add) Importer(815301076,1909f56bfc062723c751e8b465ee728b)  -> (artifact id: 'b868d7d4a231b65501a192bd9aaa369e') in 0.010747 seconds
  Import took 0.021531 seconds .

========================================================================
Received Prepare
Registering precompiled user dll's ...
Registered in 0.001473 seconds.
Begin MonoManager ReloadAssembly
Native extension for WindowsStandalone target not found
Refreshing native plugins compatible for Editor in 0.45 ms, found 1 plugins.
Preloading 0 native plugins for Editor in 0.00 ms.
Invoked RoslynAnalysisRunner static constructor.
RoslynAnalysisRunner will not be running.
RoslynAnalysisRunner has terminated.
Mono: successfully reloaded assembly
- Completed reload, in  0.906 seconds
Platform modules already initialized, skipping
Refreshing native plugins compatible for Editor in 0.52 ms, found 1 plugins.
Preloading 0 native plugins for Editor in 0.00 ms.
Unloading 1986 Unused Serialized files (Serialized files now loaded: 0)
System memory in use before: 94.8 MB.
System memory in use after: 95.0 MB.

Unloading 11 unused Assets to reduce memory usage. Loaded Objects now: 2543.
Total: 2.128400 ms (FindLiveObjects: 0.243200 ms CreateObjectMapping: 0.050300 ms MarkObjects: 1.817100 ms  DeleteObjects: 0.016700 ms)

========================================================================
Received Prepare
Registering precompiled user dll's ...
Registered in 0.001446 seconds.
Begin MonoManager ReloadAssembly
Native extension for WindowsStandalone target not found
Refreshing native plugins compatible for Editor in 0.48 ms, found 1 plugins.
Preloading 0 native plugins for Editor in 0.00 ms.
Invoked RoslynAnalysisRunner static constructor.
RoslynAnalysisRunner will not be running.
RoslynAnalysisRunner has terminated.
Mono: successfully reloaded assembly
- Completed reload, in  0.871 seconds
Platform modules already initialized, skipping
Refreshing native plugins compatible for Editor in 0.41 ms, found 1 plugins.
Preloading 0 native plugins for Editor in 0.00 ms.
Unloading 1986 Unused Serialized files (Serialized files now loaded: 0)
System memory in use before: 94.9 MB.
System memory in use after: 95.0 MB.

Unloading 11 unused Assets to reduce memory usage. Loaded Objects now: 2546.
Total: 2.045400 ms (FindLiveObjects: 0.242600 ms CreateObjectMapping: 0.045700 ms MarkObjects: 1.739400 ms  DeleteObjects: 0.016600 ms)

========================================================================
Received Import Request.
  Time since last request: 258.476599 seconds.
  path: Assets/Sprites/Components/flower.png
  artifactKey: Guid(16682102a4e925d49a08235cfff785d9) Importer(815301076,1909f56bfc062723c751e8b465ee728b)
Start importing Assets/Sprites/Components/flower.png using Guid(16682102a4e925d49a08235cfff785d9) Importer(815301076,1909f56bfc062723c751e8b465ee728b)  -> (artifact id: 'f39f91ee3a74ce2f9519e44e990a451e') in 0.064803 seconds
  Import took 0.068663 seconds .

========================================================================
Received Import Request.
  Time since last request: 5.861886 seconds.
  path: Assets/Sprites/Components/flower.png
  artifactKey: Guid(16682102a4e925d49a08235cfff785d9) Importer(815301076,1909f56bfc062723c751e8b465ee728b)
Start importing Assets/Sprites/Components/flower.png using Guid(16682102a4e925d49a08235cfff785d9) Importer(815301076,1909f56bfc062723c751e8b465ee728b)  -> (artifact id: '15c449c54cbe92f96ad16cbbe8fc3a37') in 0.012597 seconds
  Import took 0.015920 seconds .

========================================================================
Received Import Request.
  Time since last request: 27.075330 seconds.
  path: Assets/Sprites/Components/flower.png
  artifactKey: Guid(16682102a4e925d49a08235cfff785d9) Importer(815301076,1909f56bfc062723c751e8b465ee728b)
Start importing Assets/Sprites/Components/flower.png using Guid(16682102a4e925d49a08235cfff785d9) Importer(815301076,1909f56bfc062723c751e8b465ee728b)  -> (artifact id: '5caae8d999abb3930548ac9d77395099') in 0.041503 seconds
  Import took 0.045741 seconds .

========================================================================
Received Import Request.
  Time since last request: 127.141209 seconds.
  path: Assets/Animations/Components/Flower.anim
  artifactKey: Guid(dd47069916b13cc428788bdc54f36d83) Importer(815301076,1909f56bfc062723c751e8b465ee728b)
Start importing Assets/Animations/Components/Flower.anim using Guid(dd47069916b13cc428788bdc54f36d83) Importer(815301076,1909f56bfc062723c751e8b465ee728b)  -> (artifact id: '12eceebeba36278b441951e826f838a3') in 0.005719 seconds
  Import took 0.008891 seconds .

========================================================================
Received Import Request.
  Time since last request: 0.017105 seconds.
  path: Assets/Animations/Components/Flower.anim
  artifactKey: Guid(dd47069916b13cc428788bdc54f36d83) Importer(815301076,1909f56bfc062723c751e8b465ee728b)
Start importing Assets/Animations/Components/Flower.anim using Guid(dd47069916b13cc428788bdc54f36d83) Importer(815301076,1909f56bfc062723c751e8b465ee728b)  -> (artifact id: '12eceebeba36278b441951e826f838a3') in 0.002375 seconds
  Import took 0.005626 seconds .

========================================================================
Received Import Request.
  Time since last request: 1.435059 seconds.
  path: Assets/Animations/Components/Flower.anim
  artifactKey: Guid(dd47069916b13cc428788bdc54f36d83) Importer(815301076,1909f56bfc062723c751e8b465ee728b)
Start importing Assets/Animations/Components/Flower.anim using Guid(dd47069916b13cc428788bdc54f36d83) Importer(815301076,1909f56bfc062723c751e8b465ee728b)  -> (artifact id: '4388042a4ad50d78e607f6fa2323f904') in 0.002230 seconds
  Import took 0.005528 seconds .

========================================================================
Received Import Request.
  Time since last request: 4.765942 seconds.
  path: Assets/Animations/Components/Flower.controller
  artifactKey: Guid(33370a635c1904740acaecb7cd494b23) Importer(815301076,1909f56bfc062723c751e8b465ee728b)
Start importing Assets/Animations/Components/Flower.controller using Guid(33370a635c1904740acaecb7cd494b23) Importer(815301076,1909f56bfc062723c751e8b465ee728b)  -> (artifact id: '143c7d3cfb5f9ff4b952a0c8c0b5817a') in 0.004853 seconds
  Import took 0.008366 seconds .

========================================================================
Received Prepare
Registering precompiled user dll's ...
Registered in 0.001564 seconds.
Begin MonoManager ReloadAssembly
Native extension for WindowsStandalone target not found
Refreshing native plugins compatible for Editor in 0.77 ms, found 1 plugins.
Preloading 0 native plugins for Editor in 0.00 ms.
Invoked RoslynAnalysisRunner static constructor.
RoslynAnalysisRunner will not be running.
RoslynAnalysisRunner has terminated.
Mono: successfully reloaded assembly
- Completed reload, in  0.894 seconds
Platform modules already initialized, skipping
Refreshing native plugins compatible for Editor in 0.40 ms, found 1 plugins.
Preloading 0 native plugins for Editor in 0.00 ms.
Unloading 1986 Unused Serialized files (Serialized files now loaded: 0)
System memory in use before: 94.9 MB.
System memory in use after: 95.0 MB.

Unloading 11 unused Assets to reduce memory usage. Loaded Objects now: 2554.
Total: 2.096000 ms (FindLiveObjects: 0.231400 ms CreateObjectMapping: 0.045800 ms MarkObjects: 1.798400 ms  DeleteObjects: 0.019200 ms)

========================================================================
Received Import Request.
  Time since last request: 2242.570211 seconds.
  path: Assets/Animations/Components/Flower.controller
  artifactKey: Guid(33370a635c1904740acaecb7cd494b23) Importer(815301076,1909f56bfc062723c751e8b465ee728b)
Start importing Assets/Animations/Components/Flower.controller using Guid(33370a635c1904740acaecb7cd494b23) Importer(815301076,1909f56bfc062723c751e8b465ee728b)  -> (artifact id: 'cedd733acf497410e67a10dacc70f2a2') in 0.013422 seconds
  Import took 0.017132 seconds .

========================================================================
Received Prepare
Registering precompiled user dll's ...
Registered in 0.001418 seconds.
Begin MonoManager ReloadAssembly
Native extension for WindowsStandalone target not found
Refreshing native plugins compatible for Editor in 0.42 ms, found 1 plugins.
Preloading 0 native plugins for Editor in 0.00 ms.
Invoked RoslynAnalysisRunner static constructor.
RoslynAnalysisRunner will not be running.
RoslynAnalysisRunner has terminated.
Mono: successfully reloaded assembly
- Completed reload, in  0.840 seconds
Platform modules already initialized, skipping
Refreshing native plugins compatible for Editor in 0.42 ms, found 1 plugins.
Preloading 0 native plugins for Editor in 0.00 ms.
Unloading 1986 Unused Serialized files (Serialized files now loaded: 0)
System memory in use before: 94.9 MB.
System memory in use after: 95.0 MB.

Unloading 11 unused Assets to reduce memory usage. Loaded Objects now: 2557.
Total: 2.010900 ms (FindLiveObjects: 0.249500 ms CreateObjectMapping: 0.047900 ms MarkObjects: 1.694300 ms  DeleteObjects: 0.018200 ms)

========================================================================
Received Import Request.
  Time since last request: 6.582119 seconds.
  path: Assets/Animations/Components/Flower.controller
  artifactKey: Guid(33370a635c1904740acaecb7cd494b23) Importer(815301076,1909f56bfc062723c751e8b465ee728b)
Start importing Assets/Animations/Components/Flower.controller using Guid(33370a635c1904740acaecb7cd494b23) Importer(815301076,1909f56bfc062723c751e8b465ee728b)  -> (artifact id: '938e00d4b52a288ac88521ce18988617') in 0.012304 seconds
  Import took 0.015771 seconds .

========================================================================
Received Prepare
Registering precompiled user dll's ...
Registered in 0.001461 seconds.
Begin MonoManager ReloadAssembly
Native extension for WindowsStandalone target not found
Refreshing native plugins compatible for Editor in 0.44 ms, found 1 plugins.
Preloading 0 native plugins for Editor in 0.00 ms.
Invoked RoslynAnalysisRunner static constructor.
RoslynAnalysisRunner will not be running.
RoslynAnalysisRunner has terminated.
Mono: successfully reloaded assembly
- Completed reload, in  0.833 seconds
Platform modules already initialized, skipping
Refreshing native plugins compatible for Editor in 0.41 ms, found 1 plugins.
Preloading 0 native plugins for Editor in 0.00 ms.
Unloading 1986 Unused Serialized files (Serialized files now loaded: 0)
System memory in use before: 94.9 MB.
System memory in use after: 95.0 MB.

Unloading 11 unused Assets to reduce memory usage. Loaded Objects now: 2560.
Total: 2.130500 ms (FindLiveObjects: 0.227900 ms CreateObjectMapping: 0.047600 ms MarkObjects: 1.835600 ms  DeleteObjects: 0.018400 ms)

========================================================================
Received Import Request.
  Time since last request: 38.715322 seconds.
  path: Assets/Scenes/3.unity
  artifactKey: Guid(5dc3b5a66034a634fa09b4437e401cdc) Importer(815301076,1909f56bfc062723c751e8b465ee728b)
Start importing Assets/Scenes/3.unity using Guid(5dc3b5a66034a634fa09b4437e401cdc) Importer(815301076,1909f56bfc062723c751e8b465ee728b)  -> (artifact id: '68f91cb6e8afad011510294b91a4dbaa') in 0.010787 seconds
  Import took 0.014095 seconds .

========================================================================
Received Import Request.
  Time since last request: 25.365122 seconds.
  path: Assets/Scenes/2.unity
  artifactKey: Guid(117153b99cf12b74da8a0f0b4e997bae) Importer(815301076,1909f56bfc062723c751e8b465ee728b)
Start importing Assets/Scenes/2.unity using Guid(117153b99cf12b74da8a0f0b4e997bae) Importer(815301076,1909f56bfc062723c751e8b465ee728b)  -> (artifact id: 'd0ea0fe8bc5b6399cb25cdd64afda790') in 0.001751 seconds
  Import took 0.014200 seconds .

========================================================================
Received Import Request.
  Time since last request: 1.685674 seconds.
  path: Assets/Scenes/3 1.unity
  artifactKey: Guid(db7f136244975ea4596459be5393e86a) Importer(815301076,1909f56bfc062723c751e8b465ee728b)
Start importing Assets/Scenes/3 1.unity using Guid(db7f136244975ea4596459be5393e86a) Importer(815301076,1909f56bfc062723c751e8b465ee728b)  -> (artifact id: '3f3552c20b3bbdfb7ed8c90cc871c33a') in 0.002007 seconds
  Import took 0.005105 seconds .

========================================================================
Received Import Request.
  Time since last request: 3.765839 seconds.
  path: Assets/Scenes/2 1.unity
  artifactKey: Guid(ba30cdd9f9c36004b86b018bfcf27c50) Importer(815301076,1909f56bfc062723c751e8b465ee728b)
Start importing Assets/Scenes/2 1.unity using Guid(ba30cdd9f9c36004b86b018bfcf27c50) Importer(815301076,1909f56bfc062723c751e8b465ee728b)  -> (artifact id: 'e8bdeb716dda5a01f35f84048efebba8') in 0.002286 seconds
  Import took 0.005526 seconds .

========================================================================
Received Import Request.
  Time since last request: 2.510347 seconds.
  path: Assets/Scenes/4.unity
  artifactKey: Guid(ba30cdd9f9c36004b86b018bfcf27c50) Importer(815301076,1909f56bfc062723c751e8b465ee728b)
Start importing Assets/Scenes/4.unity using Guid(ba30cdd9f9c36004b86b018bfcf27c50) Importer(815301076,1909f56bfc062723c751e8b465ee728b)  -> (artifact id: 'b0dd5bbb39c2d1fa3b842bd564bfd510') in 0.001879 seconds
  Import took 0.005049 seconds .

========================================================================
Received Import Request.
  Time since last request: 7.348394 seconds.
  path: Assets/Scenes/4.unity
  artifactKey: Guid(ba30cdd9f9c36004b86b018bfcf27c50) Importer(815301076,1909f56bfc062723c751e8b465ee728b)
Start importing Assets/Scenes/4.unity using Guid(ba30cdd9f9c36004b86b018bfcf27c50) Importer(815301076,1909f56bfc062723c751e8b465ee728b)  -> (artifact id: '19eece4799532cadbaa87d2224ad2300') in 0.001708 seconds
  Import took 0.004909 seconds .

========================================================================
Received Import Request.
  Time since last request: 64.287741 seconds.
  path: Assets/Sprites/Environment/tileset-nature.png
  artifactKey: Guid(c60e87177bfd69a418c8d4da1984b5b5) Importer(815301076,1909f56bfc062723c751e8b465ee728b)
Start importing Assets/Sprites/Environment/tileset-nature.png using Guid(c60e87177bfd69a418c8d4da1984b5b5) Importer(815301076,1909f56bfc062723c751e8b465ee728b)  -> (artifact id: '60e731d09b43b0825910fb4292d6ac81') in 0.076649 seconds
  Import took 0.080255 seconds .

========================================================================
Received Import Request.
  Time since last request: 11.131872 seconds.
  path: Assets/Sprites/Environment/tileset-nature.png
  artifactKey: Guid(c60e87177bfd69a418c8d4da1984b5b5) Importer(815301076,1909f56bfc062723c751e8b465ee728b)
Start importing Assets/Sprites/Environment/tileset-nature.png using Guid(c60e87177bfd69a418c8d4da1984b5b5) Importer(815301076,1909f56bfc062723c751e8b465ee728b)  -> (artifact id: 'a684749f83b340aedfc2b99a19d49c5f') in 0.065482 seconds
  Import took 0.069030 seconds .

========================================================================
Received Import Request.
  Time since last request: 469.486093 seconds.
  path: Assets/Sprites/Environment/Tiles/Nature.asset
  artifactKey: Guid(f3898841953fc854cacb754a8b22096b) Importer(815301076,1909f56bfc062723c751e8b465ee728b)
Start importing Assets/Sprites/Environment/Tiles/Nature.asset using Guid(f3898841953fc854cacb754a8b22096b) Importer(815301076,1909f56bfc062723c751e8b465ee728b)  -> (artifact id: 'bf896d5dedd9f048493a80d9ca655aa9') in 0.036379 seconds
  Import took 0.039894 seconds .

========================================================================
Received Prepare
Registering precompiled user dll's ...
Registered in 0.001459 seconds.
Begin MonoManager ReloadAssembly
Native extension for WindowsStandalone target not found
Refreshing native plugins compatible for Editor in 0.44 ms, found 1 plugins.
Preloading 0 native plugins for Editor in 0.00 ms.
Invoked RoslynAnalysisRunner static constructor.
RoslynAnalysisRunner will not be running.
RoslynAnalysisRunner has terminated.
Mono: successfully reloaded assembly
- Completed reload, in  0.859 seconds
Platform modules already initialized, skipping
Refreshing native plugins compatible for Editor in 0.44 ms, found 1 plugins.
Preloading 0 native plugins for Editor in 0.00 ms.
Unloading 1986 Unused Serialized files (Serialized files now loaded: 0)
System memory in use before: 95.0 MB.
System memory in use after: 95.1 MB.

Unloading 11 unused Assets to reduce memory usage. Loaded Objects now: 2569.
Total: 2.129400 ms (FindLiveObjects: 0.260400 ms CreateObjectMapping: 0.047100 ms MarkObjects: 1.804100 ms  DeleteObjects: 0.016900 ms)

========================================================================
Received Prepare
Registering precompiled user dll's ...
Registered in 0.001369 seconds.
Begin MonoManager ReloadAssembly
Native extension for WindowsStandalone target not found
Refreshing native plugins compatible for Editor in 0.43 ms, found 1 plugins.
Preloading 0 native plugins for Editor in 0.00 ms.
Invoked RoslynAnalysisRunner static constructor.
RoslynAnalysisRunner will not be running.
RoslynAnalysisRunner has terminated.
Mono: successfully reloaded assembly
- Completed reload, in  0.862 seconds
Platform modules already initialized, skipping
Refreshing native plugins compatible for Editor in 0.43 ms, found 1 plugins.
Preloading 0 native plugins for Editor in 0.00 ms.
Unloading 1986 Unused Serialized files (Serialized files now loaded: 0)
System memory in use before: 95.0 MB.
System memory in use after: 95.1 MB.

Unloading 11 unused Assets to reduce memory usage. Loaded Objects now: 2572.
Total: 2.178800 ms (FindLiveObjects: 0.233100 ms CreateObjectMapping: 0.047300 ms MarkObjects: 1.877900 ms  DeleteObjects: 0.019200 ms)

========================================================================
Received Prepare
Registering precompiled user dll's ...
Registered in 0.001379 seconds.
Begin MonoManager ReloadAssembly
Native extension for WindowsStandalone target not found
Refreshing native plugins compatible for Editor in 0.47 ms, found 1 plugins.
Preloading 0 native plugins for Editor in 0.00 ms.
Invoked RoslynAnalysisRunner static constructor.
RoslynAnalysisRunner will not be running.
RoslynAnalysisRunner has terminated.
Mono: successfully reloaded assembly
- Completed reload, in  0.826 seconds
Platform modules already initialized, skipping
Refreshing native plugins compatible for Editor in 0.41 ms, found 1 plugins.
Preloading 0 native plugins for Editor in 0.00 ms.
Unloading 1986 Unused Serialized files (Serialized files now loaded: 0)
System memory in use before: 95.0 MB.
System memory in use after: 95.1 MB.

Unloading 11 unused Assets to reduce memory usage. Loaded Objects now: 2575.
Total: 2.087900 ms (FindLiveObjects: 0.287300 ms CreateObjectMapping: 0.054800 ms MarkObjects: 1.727400 ms  DeleteObjects: 0.016700 ms)

========================================================================
Received Import Request.
  Time since last request: 2933.946806 seconds.
  path: Assets/TextMesh Pro/Resources/Style Sheets/Default Style Sheet.asset
  artifactKey: Guid(f952c082cb03451daed3ee968ac6c63e) Importer(815301076,1909f56bfc062723c751e8b465ee728b)
Start importing Assets/TextMesh Pro/Resources/Style Sheets/Default Style Sheet.asset using Guid(f952c082cb03451daed3ee968ac6c63e) Importer(815301076,1909f56bfc062723c751e8b465ee728b)  -> (artifact id: '140ceb46d6fa3cb812ba039ebf1c53e7') in 0.013294 seconds
  Import took 0.016832 seconds .

========================================================================
Received Import Request.
  Time since last request: 0.015243 seconds.
  path: Assets/Plugins/Demigiant/DOTween/Editor/Imgs/Footer.png
  artifactKey: Guid(7051dba417b3d53409f2918f1ea4938d) Importer(815301076,1909f56bfc062723c751e8b465ee728b)
Start importing Assets/Plugins/Demigiant/DOTween/Editor/Imgs/Footer.png using Guid(7051dba417b3d53409f2918f1ea4938d) Importer(815301076,1909f56bfc062723c751e8b465ee728b)  -> (artifact id: '564c387414f5acfdecea1fba7b9ea4b8') in 0.078551 seconds
  Import took 0.081819 seconds .

========================================================================
Received Import Request.
  Time since last request: 0.000213 seconds.
  path: Assets/Plugins/Demigiant/DOTween/Editor/Imgs/Footer_dark.png
  artifactKey: Guid(519694efe2bb2914788b151fbd8c01f4) Importer(815301076,1909f56bfc062723c751e8b465ee728b)
Start importing Assets/Plugins/Demigiant/DOTween/Editor/Imgs/Footer_dark.png using Guid(519694efe2bb2914788b151fbd8c01f4) Importer(815301076,1909f56bfc062723c751e8b465ee728b)  -> (artifact id: '6d415f3cdcb60a49e3689ac027171ec9') in 0.027114 seconds
  Import took 0.030282 seconds .

========================================================================
Received Import Request.
  Time since last request: 0.000193 seconds.
  path: Assets/TextMesh Pro/Resources/Fonts & Materials/LiberationSans SDF - Fallback.asset
  artifactKey: Guid(2e498d1c8094910479dc3e1b768306a4) Importer(815301076,1909f56bfc062723c751e8b465ee728b)
Start importing Assets/TextMesh Pro/Resources/Fonts & Materials/LiberationSans SDF - Fallback.asset using Guid(2e498d1c8094910479dc3e1b768306a4) Importer(815301076,1909f56bfc062723c751e8b465ee728b)  -> (artifact id: '92c42f5c20927ca7c0909141136b44e6') in 0.069276 seconds
  Import took 0.072567 seconds .

========================================================================
Received Import Request.
  Time since last request: 4.642953 seconds.
  path: Assets/Prefabs/Components/Door.prefab
  artifactKey: Guid(28479ec8f31581343b3592f7eb5d1133) Importer(815301076,1909f56bfc062723c751e8b465ee728b)
Start importing Assets/Prefabs/Components/Door.prefab using Guid(28479ec8f31581343b3592f7eb5d1133) Importer(815301076,1909f56bfc062723c751e8b465ee728b)  -> (artifact id: 'e60027fb0def6c9c9dc813811311b55f') in 0.039405 seconds
  Import took 0.042758 seconds .

========================================================================
Received Import Request.
  Time since last request: 16.568971 seconds.
  path: Assets/Prefabs/Components/Flower.prefab
  artifactKey: Guid(03fd34aeb9614824cb7b14aacac0c27f) Importer(815301076,1909f56bfc062723c751e8b465ee728b)
Start importing Assets/Prefabs/Components/Flower.prefab using Guid(03fd34aeb9614824cb7b14aacac0c27f) Importer(815301076,1909f56bfc062723c751e8b465ee728b)  -> (artifact id: 'd07db9aa837a886e98f2fe104709d20f') in 0.008089 seconds
  Import took 0.011627 seconds .

========================================================================
Received Prepare
Registering precompiled user dll's ...
Registered in 0.001452 seconds.
Begin MonoManager ReloadAssembly
Native extension for WindowsStandalone target not found
Refreshing native plugins compatible for Editor in 0.43 ms, found 1 plugins.
Preloading 0 native plugins for Editor in 0.00 ms.
Invoked RoslynAnalysisRunner static constructor.
RoslynAnalysisRunner will not be running.
RoslynAnalysisRunner has terminated.
Mono: successfully reloaded assembly
- Completed reload, in  0.842 seconds
Platform modules already initialized, skipping
Refreshing native plugins compatible for Editor in 0.41 ms, found 1 plugins.
Preloading 0 native plugins for Editor in 0.00 ms.
Unloading 1986 Unused Serialized files (Serialized files now loaded: 0)
System memory in use before: 95.3 MB.
System memory in use after: 95.4 MB.

Unloading 11 unused Assets to reduce memory usage. Loaded Objects now: 2615.
Total: 2.055400 ms (FindLiveObjects: 0.256800 ms CreateObjectMapping: 0.049000 ms MarkObjects: 1.731600 ms  DeleteObjects: 0.016800 ms)

========================================================================
Received Prepare
Registering precompiled user dll's ...
Registered in 0.001674 seconds.
Begin MonoManager ReloadAssembly
Native extension for WindowsStandalone target not found
Refreshing native plugins compatible for Editor in 0.50 ms, found 1 plugins.
Preloading 0 native plugins for Editor in 0.00 ms.
Invoked RoslynAnalysisRunner static constructor.
RoslynAnalysisRunner will not be running.
RoslynAnalysisRunner has terminated.
Mono: successfully reloaded assembly
- Completed reload, in  0.838 seconds
Platform modules already initialized, skipping
Refreshing native plugins compatible for Editor in 0.41 ms, found 1 plugins.
Preloading 0 native plugins for Editor in 0.00 ms.
Unloading 1986 Unused Serialized files (Serialized files now loaded: 0)
System memory in use before: 95.3 MB.
System memory in use after: 95.4 MB.

Unloading 11 unused Assets to reduce memory usage. Loaded Objects now: 2618.
Total: 2.188500 ms (FindLiveObjects: 0.263500 ms CreateObjectMapping: 0.048100 ms MarkObjects: 1.855400 ms  DeleteObjects: 0.019300 ms)

========================================================================
Received Prepare
Registering precompiled user dll's ...
Registered in 0.001415 seconds.
Begin MonoManager ReloadAssembly
Native extension for WindowsStandalone target not found
Refreshing native plugins compatible for Editor in 0.44 ms, found 1 plugins.
Preloading 0 native plugins for Editor in 0.00 ms.
Invoked RoslynAnalysisRunner static constructor.
RoslynAnalysisRunner will not be running.
RoslynAnalysisRunner has terminated.
Mono: successfully reloaded assembly
- Completed reload, in  0.857 seconds
Platform modules already initialized, skipping
Refreshing native plugins compatible for Editor in 0.42 ms, found 1 plugins.
Preloading 0 native plugins for Editor in 0.00 ms.
Unloading 1986 Unused Serialized files (Serialized files now loaded: 0)
System memory in use before: 95.3 MB.
System memory in use after: 95.4 MB.

Unloading 11 unused Assets to reduce memory usage. Loaded Objects now: 2621.
Total: 2.029300 ms (FindLiveObjects: 0.225500 ms CreateObjectMapping: 0.047600 ms MarkObjects: 1.740500 ms  DeleteObjects: 0.014700 ms)

========================================================================
Received Import Request.
  Time since last request: 379.668311 seconds.
  path: Assets/Scenes/1.unity
  artifactKey: Guid(1c29ea7c39982c24497599e8a8372add) Importer(815301076,1909f56bfc062723c751e8b465ee728b)
Start importing Assets/Scenes/1.unity using Guid(1c29ea7c39982c24497599e8a8372add) Importer(815301076,1909f56bfc062723c751e8b465ee728b)  -> (artifact id: '6cacb36c55646477affe6c7c6324c1ad') in 0.011310 seconds
  Import took 0.031361 seconds .

========================================================================
Received Import Request.
  Time since last request: 12.019664 seconds.
  path: Assets/Prefabs/MainUI.prefab
  artifactKey: Guid(e0a38bb53170cc34a98e54203f2c4dc8) Importer(815301076,1909f56bfc062723c751e8b465ee728b)
Start importing Assets/Prefabs/MainUI.prefab using Guid(e0a38bb53170cc34a98e54203f2c4dc8) Importer(815301076,1909f56bfc062723c751e8b465ee728b)  -> (artifact id: '4cb07175e18f37fdbf4a431a54ae58db') in 0.077615 seconds
  Import took 0.081043 seconds .

========================================================================
Received Import Request.
  Time since last request: 25.039445 seconds.
  path: Assets/Prefabs/Components/Flower.prefab
  artifactKey: Guid(03fd34aeb9614824cb7b14aacac0c27f) Importer(815301076,1909f56bfc062723c751e8b465ee728b)
Start importing Assets/Prefabs/Components/Flower.prefab using Guid(03fd34aeb9614824cb7b14aacac0c27f) Importer(815301076,1909f56bfc062723c751e8b465ee728b)  -> (artifact id: '02f6ab913360127f0f63b1b18cbd9018') in 0.032987 seconds
  Import took 0.036358 seconds .

========================================================================
Received Import Request.
  Time since last request: 1.782603 seconds.
  path: Assets/Prefabs/Components/Flower.prefab
  artifactKey: Guid(03fd34aeb9614824cb7b14aacac0c27f) Importer(815301076,1909f56bfc062723c751e8b465ee728b)
Start importing Assets/Prefabs/Components/Flower.prefab using Guid(03fd34aeb9614824cb7b14aacac0c27f) Importer(815301076,1909f56bfc062723c751e8b465ee728b)  -> (artifact id: '7b1f3a5644da0d48ad1476ebb3ace6f4') in 0.010688 seconds
  Import took 0.014099 seconds .

========================================================================
Received Import Request.
  Time since last request: 0.004292 seconds.
  path: Assets/Prefabs/Components/Flower.prefab
  artifactKey: Guid(03fd34aeb9614824cb7b14aacac0c27f) Importer(815301076,1909f56bfc062723c751e8b465ee728b)
Start importing Assets/Prefabs/Components/Flower.prefab using Guid(03fd34aeb9614824cb7b14aacac0c27f) Importer(815301076,1909f56bfc062723c751e8b465ee728b)  -> (artifact id: '7b1f3a5644da0d48ad1476ebb3ace6f4') in 0.009463 seconds
  Import took 0.012872 seconds .

========================================================================
Received Import Request.
  Time since last request: 22.781386 seconds.
  path: Assets/Scenes/4.unity
  artifactKey: Guid(ba30cdd9f9c36004b86b018bfcf27c50) Importer(815301076,1909f56bfc062723c751e8b465ee728b)
Start importing Assets/Scenes/4.unity using Guid(ba30cdd9f9c36004b86b018bfcf27c50) Importer(815301076,1909f56bfc062723c751e8b465ee728b)  -> (artifact id: '993939919d25eaa18516004be74eec74') in 0.001914 seconds
  Import took 0.005139 seconds .

========================================================================
Received Prepare
Registering precompiled user dll's ...
Registered in 0.001408 seconds.
Begin MonoManager ReloadAssembly
Native extension for WindowsStandalone target not found
Refreshing native plugins compatible for Editor in 0.43 ms, found 1 plugins.
Preloading 0 native plugins for Editor in 0.00 ms.
Invoked RoslynAnalysisRunner static constructor.
RoslynAnalysisRunner will not be running.
RoslynAnalysisRunner has terminated.
Mono: successfully reloaded assembly
- Completed reload, in  0.911 seconds
Platform modules already initialized, skipping
Refreshing native plugins compatible for Editor in 0.41 ms, found 1 plugins.
Preloading 0 native plugins for Editor in 0.00 ms.
Unloading 1986 Unused Serialized files (Serialized files now loaded: 0)
System memory in use before: 95.4 MB.
System memory in use after: 95.5 MB.

Unloading 12 unused Assets to reduce memory usage. Loaded Objects now: 2625.
Total: 2.156600 ms (FindLiveObjects: 0.273400 ms CreateObjectMapping: 0.051400 ms MarkObjects: 1.808700 ms  DeleteObjects: 0.022200 ms)

========================================================================
Received Prepare
Registering precompiled user dll's ...
Registered in 0.001419 seconds.
Begin MonoManager ReloadAssembly
Native extension for WindowsStandalone target not found
Refreshing native plugins compatible for Editor in 0.46 ms, found 1 plugins.
Preloading 0 native plugins for Editor in 0.00 ms.
Invoked RoslynAnalysisRunner static constructor.
RoslynAnalysisRunner will not be running.
RoslynAnalysisRunner has terminated.
Mono: successfully reloaded assembly
- Completed reload, in  0.881 seconds
Platform modules already initialized, skipping
Refreshing native plugins compatible for Editor in 0.45 ms, found 1 plugins.
Preloading 0 native plugins for Editor in 0.00 ms.
Unloading 1986 Unused Serialized files (Serialized files now loaded: 0)
System memory in use before: 95.4 MB.
System memory in use after: 95.5 MB.

Unloading 11 unused Assets to reduce memory usage. Loaded Objects now: 2628.
Total: 2.129100 ms (FindLiveObjects: 0.248300 ms CreateObjectMapping: 0.053400 ms MarkObjects: 1.807600 ms  DeleteObjects: 0.018300 ms)

========================================================================
Received Prepare
Registering precompiled user dll's ...
Registered in 0.001369 seconds.
Begin MonoManager ReloadAssembly
Native extension for WindowsStandalone target not found
Refreshing native plugins compatible for Editor in 0.42 ms, found 1 plugins.
Preloading 0 native plugins for Editor in 0.00 ms.
Invoked RoslynAnalysisRunner static constructor.
RoslynAnalysisRunner will not be running.
RoslynAnalysisRunner has terminated.
Mono: successfully reloaded assembly
- Completed reload, in  0.837 seconds
Platform modules already initialized, skipping
Refreshing native plugins compatible for Editor in 0.42 ms, found 1 plugins.
Preloading 0 native plugins for Editor in 0.00 ms.
Unloading 1986 Unused Serialized files (Serialized files now loaded: 0)
System memory in use before: 95.4 MB.
System memory in use after: 95.5 MB.

Unloading 11 unused Assets to reduce memory usage. Loaded Objects now: 2631.
Total: 2.022200 ms (FindLiveObjects: 0.242000 ms CreateObjectMapping: 0.048600 ms MarkObjects: 1.712600 ms  DeleteObjects: 0.018000 ms)

========================================================================
Received Prepare
Refreshing native plugins compatible for Editor in 1.73 ms, found 1 plugins.
Preloading 0 native plugins for Editor in 0.00 ms.
Unloading 8 Unused Serialized files (Serialized files now loaded: 0)
System memory in use before: 56.2 MB.
System memory in use after: 56.3 MB.

Unloading 7 unused Assets to reduce memory usage. Loaded Objects now: 2631.
Total: 2.068300 ms (FindLiveObjects: 0.261800 ms CreateObjectMapping: 0.048500 ms MarkObjects: 1.742600 ms  DeleteObjects: 0.014300 ms)

========================================================================
Received Import Request.
  Time since last request: 1135.094392 seconds.
  path: Assets/Scenes/MainMenu.unity
  artifactKey: Guid(73b5c216eadfde9458255af39e067839) Importer(815301076,1909f56bfc062723c751e8b465ee728b)
Start importing Assets/Scenes/MainMenu.unity using Guid(73b5c216eadfde9458255af39e067839) Importer(815301076,1909f56bfc062723c751e8b465ee728b)  -> (artifact id: '0f1a5bc1714a3c1be0600c294e50a86c') in 0.009297 seconds
  Import took 0.020044 seconds .

========================================================================
Received Import Request.
  Time since last request: 0.995067 seconds.
  path: Assets/Scenes/3.unity
  artifactKey: Guid(5dc3b5a66034a634fa09b4437e401cdc) Importer(815301076,1909f56bfc062723c751e8b465ee728b)
Start importing Assets/Scenes/3.unity using Guid(5dc3b5a66034a634fa09b4437e401cdc) Importer(815301076,1909f56bfc062723c751e8b465ee728b)  -> (artifact id: '24462971a6960ea6306933fb235647ba') in 0.001968 seconds
  Import took 0.005087 seconds .

========================================================================
Received Prepare
Registering precompiled user dll's ...
Registered in 0.001600 seconds.
Begin MonoManager ReloadAssembly
Native extension for WindowsStandalone target not found
Refreshing native plugins compatible for Editor in 0.42 ms, found 1 plugins.
Preloading 0 native plugins for Editor in 0.00 ms.
Invoked RoslynAnalysisRunner static constructor.
RoslynAnalysisRunner will not be running.
RoslynAnalysisRunner has terminated.
Mono: successfully reloaded assembly
- Completed reload, in  0.872 seconds
Platform modules already initialized, skipping
Refreshing native plugins compatible for Editor in 0.41 ms, found 1 plugins.
Preloading 0 native plugins for Editor in 0.00 ms.
Unloading 1986 Unused Serialized files (Serialized files now loaded: 0)
System memory in use before: 95.4 MB.
System memory in use after: 95.5 MB.

Unloading 11 unused Assets to reduce memory usage. Loaded Objects now: 2634.
Total: 2.134900 ms (FindLiveObjects: 0.269300 ms CreateObjectMapping: 0.049100 ms MarkObjects: 1.797700 ms  DeleteObjects: 0.017500 ms)

========================================================================
Received Import Request.
  Time since last request: 788.031265 seconds.
  path: Assets/Scenes/3.unity
  artifactKey: Guid(5dc3b5a66034a634fa09b4437e401cdc) Importer(815301076,1909f56bfc062723c751e8b465ee728b)
Start importing Assets/Scenes/3.unity using Guid(5dc3b5a66034a634fa09b4437e401cdc) Importer(815301076,1909f56bfc062723c751e8b465ee728b)  -> (artifact id: 'c9daf740733c83f885256ea4b612eb8d') in 0.011306 seconds
  Import took 0.015024 seconds .

========================================================================
Received Prepare
Registering precompiled user dll's ...
Registered in 0.001421 seconds.
Begin MonoManager ReloadAssembly
Native extension for WindowsStandalone target not found
Refreshing native plugins compatible for Editor in 0.59 ms, found 1 plugins.
Preloading 0 native plugins for Editor in 0.00 ms.
Invoked RoslynAnalysisRunner static constructor.
RoslynAnalysisRunner will not be running.
RoslynAnalysisRunner has terminated.
Mono: successfully reloaded assembly
- Completed reload, in  0.909 seconds
Platform modules already initialized, skipping
Refreshing native plugins compatible for Editor in 0.42 ms, found 1 plugins.
Preloading 0 native plugins for Editor in 0.00 ms.
Unloading 1986 Unused Serialized files (Serialized files now loaded: 0)
System memory in use before: 95.4 MB.
System memory in use after: 95.5 MB.

Unloading 11 unused Assets to reduce memory usage. Loaded Objects now: 2637.
Total: 2.599200 ms (FindLiveObjects: 0.267200 ms CreateObjectMapping: 0.054200 ms MarkObjects: 2.257700 ms  DeleteObjects: 0.018500 ms)

========================================================================
Received Prepare
Registering precompiled user dll's ...
Registered in 0.001467 seconds.
Begin MonoManager ReloadAssembly
Native extension for WindowsStandalone target not found
Refreshing native plugins compatible for Editor in 0.46 ms, found 1 plugins.
Preloading 0 native plugins for Editor in 0.00 ms.
Invoked RoslynAnalysisRunner static constructor.
RoslynAnalysisRunner will not be running.
RoslynAnalysisRunner has terminated.
Mono: successfully reloaded assembly
- Completed reload, in  0.957 seconds
Platform modules already initialized, skipping
Refreshing native plugins compatible for Editor in 0.43 ms, found 1 plugins.
Preloading 0 native plugins for Editor in 0.00 ms.
Unloading 1986 Unused Serialized files (Serialized files now loaded: 0)
System memory in use before: 95.4 MB.
System memory in use after: 95.5 MB.

Unloading 11 unused Assets to reduce memory usage. Loaded Objects now: 2640.
Total: 2.492200 ms (FindLiveObjects: 0.296400 ms CreateObjectMapping: 0.058700 ms MarkObjects: 2.115000 ms  DeleteObjects: 0.019500 ms)

========================================================================
Received Prepare
Registering precompiled user dll's ...
Registered in 0.001365 seconds.
Begin MonoManager ReloadAssembly
Native extension for WindowsStandalone target not found
Refreshing native plugins compatible for Editor in 0.45 ms, found 1 plugins.
Preloading 0 native plugins for Editor in 0.00 ms.
Invoked RoslynAnalysisRunner static constructor.
RoslynAnalysisRunner will not be running.
RoslynAnalysisRunner has terminated.
Mono: successfully reloaded assembly
- Completed reload, in  0.902 seconds
Platform modules already initialized, skipping
Refreshing native plugins compatible for Editor in 0.42 ms, found 1 plugins.
Preloading 0 native plugins for Editor in 0.00 ms.
Unloading 1986 Unused Serialized files (Serialized files now loaded: 0)
System memory in use before: 95.4 MB.
System memory in use after: 95.5 MB.

Unloading 11 unused Assets to reduce memory usage. Loaded Objects now: 2643.
Total: 2.350500 ms (FindLiveObjects: 0.273000 ms CreateObjectMapping: 0.103600 ms MarkObjects: 1.952800 ms  DeleteObjects: 0.020000 ms)

========================================================================
Received Prepare
Registering precompiled user dll's ...
Registered in 0.001519 seconds.
Begin MonoManager ReloadAssembly
Native extension for WindowsStandalone target not found
Refreshing native plugins compatible for Editor in 0.48 ms, found 1 plugins.
Preloading 0 native plugins for Editor in 0.00 ms.
Invoked RoslynAnalysisRunner static constructor.
RoslynAnalysisRunner will not be running.
RoslynAnalysisRunner has terminated.
Mono: successfully reloaded assembly
- Completed reload, in  0.902 seconds
Platform modules already initialized, skipping
Refreshing native plugins compatible for Editor in 0.65 ms, found 1 plugins.
Preloading 0 native plugins for Editor in 0.00 ms.
Unloading 1986 Unused Serialized files (Serialized files now loaded: 0)
System memory in use before: 95.4 MB.
System memory in use after: 95.5 MB.

Unloading 11 unused Assets to reduce memory usage. Loaded Objects now: 2646.
Total: 2.361600 ms (FindLiveObjects: 0.286200 ms CreateObjectMapping: 0.048900 ms MarkObjects: 2.006400 ms  DeleteObjects: 0.018300 ms)

========================================================================
Received Prepare
Registering precompiled user dll's ...
Registered in 0.001391 seconds.
Begin MonoManager ReloadAssembly
Native extension for WindowsStandalone target not found
Refreshing native plugins compatible for Editor in 0.41 ms, found 1 plugins.
Preloading 0 native plugins for Editor in 0.00 ms.
Invoked RoslynAnalysisRunner static constructor.
RoslynAnalysisRunner will not be running.
RoslynAnalysisRunner has terminated.
Mono: successfully reloaded assembly
- Completed reload, in  0.831 seconds
Platform modules already initialized, skipping
Refreshing native plugins compatible for Editor in 0.41 ms, found 1 plugins.
Preloading 0 native plugins for Editor in 0.00 ms.
Unloading 1986 Unused Serialized files (Serialized files now loaded: 0)
System memory in use before: 95.4 MB.
System memory in use after: 95.6 MB.

Unloading 11 unused Assets to reduce memory usage. Loaded Objects now: 2649.
Total: 2.161900 ms (FindLiveObjects: 0.307500 ms CreateObjectMapping: 0.067700 ms MarkObjects: 1.769900 ms  DeleteObjects: 0.015400 ms)

========================================================================
Received Prepare
Registering precompiled user dll's ...
Registered in 0.001378 seconds.
Begin MonoManager ReloadAssembly
Native extension for WindowsStandalone target not found
Refreshing native plugins compatible for Editor in 0.47 ms, found 1 plugins.
Preloading 0 native plugins for Editor in 0.00 ms.
Invoked RoslynAnalysisRunner static constructor.
RoslynAnalysisRunner will not be running.
RoslynAnalysisRunner has terminated.
Mono: successfully reloaded assembly
- Completed reload, in  0.929 seconds
Platform modules already initialized, skipping
Refreshing native plugins compatible for Editor in 0.65 ms, found 1 plugins.
Preloading 0 native plugins for Editor in 0.00 ms.
Unloading 1986 Unused Serialized files (Serialized files now loaded: 0)
System memory in use before: 95.5 MB.
System memory in use after: 95.6 MB.

Unloading 11 unused Assets to reduce memory usage. Loaded Objects now: 2652.
Total: 2.668200 ms (FindLiveObjects: 0.300300 ms CreateObjectMapping: 0.057600 ms MarkObjects: 2.289600 ms  DeleteObjects: 0.019400 ms)

========================================================================
Received Prepare
Registering precompiled user dll's ...
Registered in 0.001609 seconds.
Begin MonoManager ReloadAssembly
Native extension for WindowsStandalone target not found
Refreshing native plugins compatible for Editor in 0.43 ms, found 1 plugins.
Preloading 0 native plugins for Editor in 0.00 ms.
Invoked RoslynAnalysisRunner static constructor.
RoslynAnalysisRunner will not be running.
RoslynAnalysisRunner has terminated.
Mono: successfully reloaded assembly
- Completed reload, in  0.871 seconds
Platform modules already initialized, skipping
Refreshing native plugins compatible for Editor in 0.43 ms, found 1 plugins.
Preloading 0 native plugins for Editor in 0.00 ms.
Unloading 1986 Unused Serialized files (Serialized files now loaded: 0)
System memory in use before: 95.5 MB.
System memory in use after: 95.6 MB.

Unloading 11 unused Assets to reduce memory usage. Loaded Objects now: 2655.
Total: 2.546100 ms (FindLiveObjects: 0.241800 ms CreateObjectMapping: 0.046300 ms MarkObjects: 2.237700 ms  DeleteObjects: 0.018800 ms)

========================================================================
Received Prepare
Registering precompiled user dll's ...
Registered in 0.001521 seconds.
Begin MonoManager ReloadAssembly
Native extension for WindowsStandalone target not found
Refreshing native plugins compatible for Editor in 0.44 ms, found 1 plugins.
Preloading 0 native plugins for Editor in 0.00 ms.
Invoked RoslynAnalysisRunner static constructor.
RoslynAnalysisRunner will not be running.
RoslynAnalysisRunner has terminated.
Mono: successfully reloaded assembly
- Completed reload, in  0.856 seconds
Platform modules already initialized, skipping
Refreshing native plugins compatible for Editor in 0.42 ms, found 1 plugins.
Preloading 0 native plugins for Editor in 0.00 ms.
Unloading 1986 Unused Serialized files (Serialized files now loaded: 0)
System memory in use before: 95.5 MB.
System memory in use after: 95.6 MB.

Unloading 11 unused Assets to reduce memory usage. Loaded Objects now: 2658.
Total: 2.039800 ms (FindLiveObjects: 0.260700 ms CreateObjectMapping: 0.047200 ms MarkObjects: 1.717100 ms  DeleteObjects: 0.013800 ms)

========================================================================
Received Prepare
Registering precompiled user dll's ...
Registered in 0.001437 seconds.
Begin MonoManager ReloadAssembly
Native extension for WindowsStandalone target not found
Refreshing native plugins compatible for Editor in 0.47 ms, found 1 plugins.
Preloading 0 native plugins for Editor in 0.00 ms.
Invoked RoslynAnalysisRunner static constructor.
RoslynAnalysisRunner will not be running.
RoslynAnalysisRunner has terminated.
Mono: successfully reloaded assembly
- Completed reload, in  0.858 seconds
Platform modules already initialized, skipping
Refreshing native plugins compatible for Editor in 0.54 ms, found 1 plugins.
Preloading 0 native plugins for Editor in 0.00 ms.
Unloading 1986 Unused Serialized files (Serialized files now loaded: 0)
System memory in use before: 95.5 MB.
System memory in use after: 95.6 MB.

Unloading 11 unused Assets to reduce memory usage. Loaded Objects now: 2661.
Total: 2.635200 ms (FindLiveObjects: 0.308900 ms CreateObjectMapping: 0.051100 ms MarkObjects: 2.243600 ms  DeleteObjects: 0.029500 ms)

========================================================================
Received Prepare
Registering precompiled user dll's ...
Registered in 0.001419 seconds.
Begin MonoManager ReloadAssembly
Native extension for WindowsStandalone target not found
Refreshing native plugins compatible for Editor in 0.50 ms, found 1 plugins.
Preloading 0 native plugins for Editor in 0.00 ms.
Invoked RoslynAnalysisRunner static constructor.
RoslynAnalysisRunner will not be running.
RoslynAnalysisRunner has terminated.
Mono: successfully reloaded assembly
- Completed reload, in  0.923 seconds
Platform modules already initialized, skipping
Refreshing native plugins compatible for Editor in 0.45 ms, found 1 plugins.
Preloading 0 native plugins for Editor in 0.00 ms.
Unloading 1986 Unused Serialized files (Serialized files now loaded: 0)
System memory in use before: 95.5 MB.
System memory in use after: 95.6 MB.

Unloading 11 unused Assets to reduce memory usage. Loaded Objects now: 2664.
Total: 2.277700 ms (FindLiveObjects: 0.269800 ms CreateObjectMapping: 0.049700 ms MarkObjects: 1.939300 ms  DeleteObjects: 0.017700 ms)

========================================================================
Received Prepare
Registering precompiled user dll's ...
Registered in 0.001472 seconds.
Begin MonoManager ReloadAssembly
Native extension for WindowsStandalone target not found
Refreshing native plugins compatible for Editor in 0.59 ms, found 1 plugins.
Preloading 0 native plugins for Editor in 0.00 ms.
Invoked RoslynAnalysisRunner static constructor.
RoslynAnalysisRunner will not be running.
RoslynAnalysisRunner has terminated.
Mono: successfully reloaded assembly
- Completed reload, in  0.926 seconds
Platform modules already initialized, skipping
Refreshing native plugins compatible for Editor in 0.43 ms, found 1 plugins.
Preloading 0 native plugins for Editor in 0.00 ms.
Unloading 1986 Unused Serialized files (Serialized files now loaded: 0)
System memory in use before: 95.5 MB.
System memory in use after: 95.6 MB.

Unloading 11 unused Assets to reduce memory usage. Loaded Objects now: 2667.
Total: 2.442900 ms (FindLiveObjects: 0.264600 ms CreateObjectMapping: 0.049500 ms MarkObjects: 2.109000 ms  DeleteObjects: 0.018100 ms)

========================================================================
Received Import Request.
  Time since last request: 826.142178 seconds.
  path: Assets/Scenes/4.unity
  artifactKey: Guid(ba30cdd9f9c36004b86b018bfcf27c50) Importer(815301076,1909f56bfc062723c751e8b465ee728b)
Start importing Assets/Scenes/4.unity using Guid(ba30cdd9f9c36004b86b018bfcf27c50) Importer(815301076,1909f56bfc062723c751e8b465ee728b)  -> (artifact id: '86d6bf73a3f50940c53f5d1e1cd7eebb') in 0.012352 seconds
  Import took 0.015962 seconds .

========================================================================
Received Import Request.
  Time since last request: 1.470770 seconds.
  path: Assets/Scenes/3.unity
  artifactKey: Guid(5dc3b5a66034a634fa09b4437e401cdc) Importer(815301076,1909f56bfc062723c751e8b465ee728b)
Start importing Assets/Scenes/3.unity using Guid(5dc3b5a66034a634fa09b4437e401cdc) Importer(815301076,1909f56bfc062723c751e8b465ee728b)  -> (artifact id: '3aa7dcd032a6315f6750db465456b5b7') in 0.002168 seconds
  Import took 0.005391 seconds .

========================================================================
Received Prepare
Registering precompiled user dll's ...
Registered in 0.001544 seconds.
Begin MonoManager ReloadAssembly
Native extension for WindowsStandalone target not found
Refreshing native plugins compatible for Editor in 0.45 ms, found 1 plugins.
Preloading 0 native plugins for Editor in 0.00 ms.
Invoked RoslynAnalysisRunner static constructor.
RoslynAnalysisRunner will not be running.
RoslynAnalysisRunner has terminated.
Mono: successfully reloaded assembly
- Completed reload, in  0.953 seconds
Platform modules already initialized, skipping
Refreshing native plugins compatible for Editor in 0.43 ms, found 1 plugins.
Preloading 0 native plugins for Editor in 0.00 ms.
Unloading 1986 Unused Serialized files (Serialized files now loaded: 0)
System memory in use before: 95.5 MB.
System memory in use after: 95.6 MB.

Unloading 11 unused Assets to reduce memory usage. Loaded Objects now: 2670.
Total: 2.219100 ms (FindLiveObjects: 0.246200 ms CreateObjectMapping: 0.048600 ms MarkObjects: 1.906600 ms  DeleteObjects: 0.016400 ms)

========================================================================
Received Prepare
Registering precompiled user dll's ...
Registered in 0.001450 seconds.
Begin MonoManager ReloadAssembly
Native extension for WindowsStandalone target not found
Refreshing native plugins compatible for Editor in 0.43 ms, found 1 plugins.
Preloading 0 native plugins for Editor in 0.00 ms.
Invoked RoslynAnalysisRunner static constructor.
RoslynAnalysisRunner will not be running.
RoslynAnalysisRunner has terminated.
Mono: successfully reloaded assembly
- Completed reload, in  0.913 seconds
Platform modules already initialized, skipping
Refreshing native plugins compatible for Editor in 0.48 ms, found 1 plugins.
Preloading 0 native plugins for Editor in 0.00 ms.
Unloading 1986 Unused Serialized files (Serialized files now loaded: 0)
System memory in use before: 95.5 MB.
System memory in use after: 95.6 MB.

Unloading 11 unused Assets to reduce memory usage. Loaded Objects now: 2673.
Total: 2.214600 ms (FindLiveObjects: 0.276200 ms CreateObjectMapping: 0.049200 ms MarkObjects: 1.873800 ms  DeleteObjects: 0.014200 ms)

========================================================================
Received Prepare
Registering precompiled user dll's ...
Registered in 0.001401 seconds.
Begin MonoManager ReloadAssembly
Native extension for WindowsStandalone target not found
Refreshing native plugins compatible for Editor in 0.45 ms, found 1 plugins.
Preloading 0 native plugins for Editor in 0.00 ms.
Invoked RoslynAnalysisRunner static constructor.
RoslynAnalysisRunner will not be running.
RoslynAnalysisRunner has terminated.
Mono: successfully reloaded assembly
- Completed reload, in  0.921 seconds
Platform modules already initialized, skipping
Refreshing native plugins compatible for Editor in 0.49 ms, found 1 plugins.
Preloading 0 native plugins for Editor in 0.00 ms.
Unloading 1986 Unused Serialized files (Serialized files now loaded: 0)
System memory in use before: 95.5 MB.
System memory in use after: 95.6 MB.

Unloading 11 unused Assets to reduce memory usage. Loaded Objects now: 2676.
Total: 2.972400 ms (FindLiveObjects: 0.402500 ms CreateObjectMapping: 0.083000 ms MarkObjects: 2.467400 ms  DeleteObjects: 0.018000 ms)

========================================================================
Received Import Request.
  Time since last request: 259.432584 seconds.
  path: Assets/Scenes/3.unity
  artifactKey: Guid(5dc3b5a66034a634fa09b4437e401cdc) Importer(815301076,1909f56bfc062723c751e8b465ee728b)
Start importing Assets/Scenes/3.unity using Guid(5dc3b5a66034a634fa09b4437e401cdc) Importer(815301076,1909f56bfc062723c751e8b465ee728b)  -> (artifact id: 'bad566a94a842817251dfa819af0c8a6') in 0.011234 seconds
  Import took 0.025249 seconds .

========================================================================
Received Prepare
Refreshing native plugins compatible for Editor in 1.73 ms, found 1 plugins.
Preloading 0 native plugins for Editor in 0.00 ms.
Unloading 8 Unused Serialized files (Serialized files now loaded: 0)
System memory in use before: 56.3 MB.
System memory in use after: 56.5 MB.

Unloading 7 unused Assets to reduce memory usage. Loaded Objects now: 2676.
Total: 3.007800 ms (FindLiveObjects: 0.276200 ms CreateObjectMapping: 0.050900 ms MarkObjects: 2.661100 ms  DeleteObjects: 0.017800 ms)

========================================================================
Received Prepare
Registering precompiled user dll's ...
Registered in 0.001362 seconds.
Begin MonoManager ReloadAssembly
Native extension for WindowsStandalone target not found
Refreshing native plugins compatible for Editor in 0.42 ms, found 1 plugins.
Preloading 0 native plugins for Editor in 0.00 ms.
Invoked RoslynAnalysisRunner static constructor.
RoslynAnalysisRunner will not be running.
RoslynAnalysisRunner has terminated.
Mono: successfully reloaded assembly
- Completed reload, in  0.853 seconds
Platform modules already initialized, skipping
Refreshing native plugins compatible for Editor in 0.54 ms, found 1 plugins.
Preloading 0 native plugins for Editor in 0.00 ms.
Unloading 1986 Unused Serialized files (Serialized files now loaded: 0)
System memory in use before: 95.5 MB.
System memory in use after: 95.6 MB.

Unloading 11 unused Assets to reduce memory usage. Loaded Objects now: 2679.
Total: 2.710300 ms (FindLiveObjects: 0.266200 ms CreateObjectMapping: 0.051000 ms MarkObjects: 2.373200 ms  DeleteObjects: 0.018800 ms)

========================================================================
Received Prepare
Registering precompiled user dll's ...
Registered in 0.001400 seconds.
Begin MonoManager ReloadAssembly
Native extension for WindowsStandalone target not found
Refreshing native plugins compatible for Editor in 0.46 ms, found 1 plugins.
Preloading 0 native plugins for Editor in 0.00 ms.
Invoked RoslynAnalysisRunner static constructor.
RoslynAnalysisRunner will not be running.
RoslynAnalysisRunner has terminated.
Mono: successfully reloaded assembly
- Completed reload, in  0.869 seconds
Platform modules already initialized, skipping
Refreshing native plugins compatible for Editor in 0.83 ms, found 1 plugins.
Preloading 0 native plugins for Editor in 0.00 ms.
Unloading 1986 Unused Serialized files (Serialized files now loaded: 0)
System memory in use before: 95.6 MB.
System memory in use after: 95.8 MB.

Unloading 11 unused Assets to reduce memory usage. Loaded Objects now: 2682.
Total: 2.491500 ms (FindLiveObjects: 0.400900 ms CreateObjectMapping: 0.080200 ms MarkObjects: 1.989700 ms  DeleteObjects: 0.019300 ms)

========================================================================
Received Import Request.
  Time since last request: 490.454602 seconds.
  path: Assets/Scenes/4.unity
  artifactKey: Guid(ba30cdd9f9c36004b86b018bfcf27c50) Importer(815301076,1909f56bfc062723c751e8b465ee728b)
Start importing Assets/Scenes/4.unity using Guid(ba30cdd9f9c36004b86b018bfcf27c50) Importer(815301076,1909f56bfc062723c751e8b465ee728b)  -> (artifact id: '0cdf1e7dd4d78f7110e5b1356aec3aef') in 0.010268 seconds
  Import took 0.013638 seconds .

========================================================================
Received Import Request.
  Time since last request: 0.002125 seconds.
  path: Assets/Scenes/4.unity
  artifactKey: Guid(ba30cdd9f9c36004b86b018bfcf27c50) Importer(815301076,1909f56bfc062723c751e8b465ee728b)
Start importing Assets/Scenes/4.unity using Guid(ba30cdd9f9c36004b86b018bfcf27c50) Importer(815301076,1909f56bfc062723c751e8b465ee728b)  -> (artifact id: '0cdf1e7dd4d78f7110e5b1356aec3aef') in 0.001680 seconds
  Import took 0.004429 seconds .

========================================================================
Received Prepare
Registering precompiled user dll's ...
Registered in 0.001770 seconds.
Begin MonoManager ReloadAssembly
Native extension for WindowsStandalone target not found
Refreshing native plugins compatible for Editor in 0.50 ms, found 1 plugins.
Preloading 0 native plugins for Editor in 0.00 ms.
Invoked RoslynAnalysisRunner static constructor.
RoslynAnalysisRunner will not be running.
RoslynAnalysisRunner has terminated.
Mono: successfully reloaded assembly
- Completed reload, in  0.913 seconds
Platform modules already initialized, skipping
Refreshing native plugins compatible for Editor in 0.53 ms, found 1 plugins.
Preloading 0 native plugins for Editor in 0.00 ms.
Unloading 1986 Unused Serialized files (Serialized files now loaded: 0)
System memory in use before: 95.5 MB.
System memory in use after: 95.7 MB.

Unloading 11 unused Assets to reduce memory usage. Loaded Objects now: 2685.
Total: 2.343600 ms (FindLiveObjects: 0.262200 ms CreateObjectMapping: 0.049100 ms MarkObjects: 2.011400 ms  DeleteObjects: 0.019400 ms)

========================================================================
Received Prepare
Registering precompiled user dll's ...
Registered in 0.001418 seconds.
Begin MonoManager ReloadAssembly
Native extension for WindowsStandalone target not found
Refreshing native plugins compatible for Editor in 0.48 ms, found 1 plugins.
Preloading 0 native plugins for Editor in 0.00 ms.
Invoked RoslynAnalysisRunner static constructor.
RoslynAnalysisRunner will not be running.
RoslynAnalysisRunner has terminated.
Mono: successfully reloaded assembly
- Completed reload, in  0.926 seconds
Platform modules already initialized, skipping
Refreshing native plugins compatible for Editor in 0.58 ms, found 1 plugins.
Preloading 0 native plugins for Editor in 0.00 ms.
Unloading 1986 Unused Serialized files (Serialized files now loaded: 0)
System memory in use before: 95.6 MB.
System memory in use after: 95.7 MB.

Unloading 11 unused Assets to reduce memory usage. Loaded Objects now: 2688.
Total: 2.341100 ms (FindLiveObjects: 0.296900 ms CreateObjectMapping: 0.052900 ms MarkObjects: 1.968800 ms  DeleteObjects: 0.021000 ms)

========================================================================
Received Prepare
Registering precompiled user dll's ...
Registered in 0.001398 seconds.
Begin MonoManager ReloadAssembly
Native extension for WindowsStandalone target not found
Refreshing native plugins compatible for Editor in 0.64 ms, found 1 plugins.
Preloading 0 native plugins for Editor in 0.00 ms.
Invoked RoslynAnalysisRunner static constructor.
RoslynAnalysisRunner will not be running.
RoslynAnalysisRunner has terminated.
Mono: successfully reloaded assembly
- Completed reload, in  0.921 seconds
Platform modules already initialized, skipping
Refreshing native plugins compatible for Editor in 0.44 ms, found 1 plugins.
Preloading 0 native plugins for Editor in 0.00 ms.
Unloading 1986 Unused Serialized files (Serialized files now loaded: 0)
System memory in use before: 95.6 MB.
System memory in use after: 95.7 MB.

Unloading 11 unused Assets to reduce memory usage. Loaded Objects now: 2691.
Total: 2.228400 ms (FindLiveObjects: 0.318700 ms CreateObjectMapping: 0.055400 ms MarkObjects: 1.836700 ms  DeleteObjects: 0.016800 ms)

========================================================================
Received Import Request.
  Time since last request: 259.106995 seconds.
  path: Assets/Scenes/4.unity
  artifactKey: Guid(ba30cdd9f9c36004b86b018bfcf27c50) Importer(815301076,1909f56bfc062723c751e8b465ee728b)
Start importing Assets/Scenes/4.unity using Guid(ba30cdd9f9c36004b86b018bfcf27c50) Importer(815301076,1909f56bfc062723c751e8b465ee728b)  -> (artifact id: 'e8f57cb5b56ce266ca24488691619277') in 0.010706 seconds
  Import took 0.014097 seconds .

========================================================================
Received Prepare
Refreshing native plugins compatible for Editor in 1.93 ms, found 1 plugins.
Preloading 0 native plugins for Editor in 0.00 ms.
Unloading 8 Unused Serialized files (Serialized files now loaded: 0)
System memory in use before: 56.4 MB.
System memory in use after: 56.5 MB.

Unloading 7 unused Assets to reduce memory usage. Loaded Objects now: 2691.
Total: 2.933500 ms (FindLiveObjects: 0.351800 ms CreateObjectMapping: 0.063700 ms MarkObjects: 2.497800 ms  DeleteObjects: 0.018100 ms)

AssetImportWorkerClient::OnTransportError - code=2 error=End of file
